# JRE version: OpenJDK Runtime Environment Temurin-21.0.11+10 (21.0.11+10) (build 21.0.11+10-LTS)
# Java VM: OpenJDK 64-Bit Server VM Temurin-21.0.11+10 (21.0.11+10-LTS, mixed mode, sharing, tiered, compressed oops, compressed class ptrs, parallel gc, windows-amd64)
GC Precious Log:
 CardTable entry size: 512
 CPUs: 4 total, 4 available
 Memory: 3862M
 Large Page Support: Disabled
 NUMA Support: Disabled
 Compressed Oops: Enabled (32-bit)
 Alignments: Space 512K, Generation 512K, Heap 2M
 Heap Min Capacity: 100M
 Heap Initial Capacity: 100M
 Heap Max Capacity: 2G
 Pre-touch: Disabled
 Parallel Workers: 4
Heap:
 PSYoungGen      total 18432K, used 13024K [0x00000000d5580000, 0x00000000d6b00000, 0x0000000100000000)
  eden space 17408K, 70% used [0x00000000d5580000,0x00000000d6169e18,0x00000000d6680000)
  from space 1024K, 80% used [0x00000000d6680000,0x00000000d674e568,0x00000000d6780000)
  to   space 2048K, 0% used [0x00000000d6900000,0x00000000d6900000,0x00000000d6b00000)
 ParOldGen       total 68608K, used 46900K [0x0000000080000000, 0x0000000084300000, 0x00000000d5580000)
  object space 68608K, 68% used [0x0000000080000000,0x0000000082dcd0c0,0x0000000084300000)
 Metaspace       used 63966K, committed 65280K, reserved 1114112K
  class space    used 6742K, committed 7296K, reserved 1048576K
GC Heap History (20 events):
Event: 23.685 GC heap before
{Heap before GC invocations=31 (full 2):
 PSYoungGen      total 19456K, used 19264K [0x00000000d5580000, 0x00000000d6b80000, 0x0000000100000000)
  eden space 18944K, 100% used [0x00000000d5580000,0x00000000d6800000,0x00000000d6800000)
  from space 512K, 62% used [0x00000000d6b00000,0x00000000d6b50000,0x00000000d6b80000)
  to   space 1536K, 0% used [0x00000000d6880000,0x00000000d6880000,0x00000000d6a00000)
 ParOldGen       total 68608K, used 41307K [0x0000000080000000, 0x0000000084300000, 0x00000000d5580000)
  object space 68608K, 60% used [0x0000000080000000,0x0000000082856d38,0x0000000084300000)
 Metaspace       used 52609K, committed 53760K, reserved 1114112K
  class space    used 5640K, committed 6144K, reserved 1048576K
}
Event: 23.687 GC heap after
{Heap after GC invocations=31 (full 2):
 PSYoungGen      total 20480K, used 1103K [0x00000000d5580000, 0x00000000d6b80000, 0x0000000100000000)
  eden space 18944K, 0% used [0x00000000d5580000,0x00000000d5580000,0x00000000d6800000)
  from space 1536K, 71% used [0x00000000d6880000,0x00000000d6993ea8,0x00000000d6a00000)
  to   space 1536K, 0% used [0x00000000d6a00000,0x00000000d6a00000,0x00000000d6b80000)
 ParOldGen       total 68608K, used 41523K [0x0000000080000000, 0x0000000084300000, 0x00000000d5580000)
  object space 68608K, 60% used [0x0000000080000000,0x000000008288cd38,0x0000000084300000)
 Metaspace       used 52609K, committed 53760K, reserved 1114112K
  class space    used 5640K, committed 6144K, reserved 1048576K
}
Event: 23.786 GC heap before
{Heap before GC invocations=32 (full 2):
 PSYoungGen      total 20480K, used 19898K [0x00000000d5580000, 0x00000000d6b80000, 0x0000000100000000)
  eden space 18944K, 99% used [0x00000000d5580000,0x00000000d67da9e0,0x00000000d6800000)
  from space 1536K, 71% used [0x00000000d6880000,0x00000000d6993ea8,0x00000000d6a00000)
  to   space 1536K, 0% used [0x00000000d6a00000,0x00000000d6a00000,0x00000000d6b80000)
 ParOldGen       total 68608K, used 41523K [0x0000000080000000, 0x0000000084300000, 0x00000000d5580000)
  object space 68608K, 60% used [0x0000000080000000,0x000000008288cd38,0x0000000084300000)
 Metaspace       used 52628K, committed 53760K, reserved 1114112K
  class space    used 5640K, committed 6144K, reserved 1048576K
}
Event: 23.788 GC heap after
{Heap after GC invocations=32 (full 2):
 PSYoungGen      total 19968K, used 918K [0x00000000d5580000, 0x00000000d6b00000, 0x0000000100000000)
  eden space 18944K, 0% used [0x00000000d5580000,0x00000000d5580000,0x00000000d6800000)
  from space 1024K, 89% used [0x00000000d6a00000,0x00000000d6ae5a08,0x00000000d6b00000)
  to   space 1024K, 0% used [0x00000000d6900000,0x00000000d6900000,0x00000000d6a00000)
 ParOldGen       total 68608K, used 42534K [0x0000000080000000, 0x0000000084300000, 0x00000000d5580000)
  object space 68608K, 61% used [0x0000000080000000,0x0000000082989a08,0x0000000084300000)
 Metaspace       used 52628K, committed 53760K, reserved 1114112K
  class space    used 5640K, committed 6144K, reserved 1048576K
}
Event: 24.382 GC heap before
{Heap before GC invocations=33 (full 2):
 PSYoungGen      total 19968K, used 19862K [0x00000000d5580000, 0x00000000d6b00000, 0x0000000100000000)
  eden space 18944K, 100% used [0x00000000d5580000,0x00000000d6800000,0x00000000d6800000)
  from space 1024K, 89% used [0x00000000d6a00000,0x00000000d6ae5a08,0x00000000d6b00000)
  to   space 1024K, 0% used [0x00000000d6900000,0x00000000d6900000,0x00000000d6a00000)
 ParOldGen       total 68608K, used 42534K [0x0000000080000000, 0x0000000084300000, 0x00000000d5580000)
  object space 68608K, 61% used [0x0000000080000000,0x0000000082989a08,0x0000000084300000)
 Metaspace       used 54363K, committed 55488K, reserved 1114112K
  class space    used 5787K, committed 6272K, reserved 1048576K
}
Event: 24.383 GC heap after
{Heap after GC invocations=33 (full 2):
 PSYoungGen      total 19456K, used 398K [0x00000000d5580000, 0x00000000d6a80000, 0x0000000100000000)
  eden space 18944K, 0% used [0x00000000d5580000,0x00000000d5580000,0x00000000d6800000)
  from space 512K, 77% used [0x00000000d6900000,0x00000000d6963bd0,0x00000000d6980000)
  to   space 1024K, 0% used [0x00000000d6980000,0x00000000d6980000,0x00000000d6a80000)
 ParOldGen       total 68608K, used 42558K [0x0000000080000000, 0x0000000084300000, 0x00000000d5580000)
  object space 68608K, 62% used [0x0000000080000000,0x000000008298fa08,0x0000000084300000)
 Metaspace       used 54363K, committed 55488K, reserved 1114112K
  class space    used 5787K, committed 6272K, reserved 1048576K
}
Event: 25.253 GC heap before
{Heap before GC invocations=34 (full 2):
 PSYoungGen      total 19456K, used 19339K [0x00000000d5580000, 0x00000000d6a80000, 0x0000000100000000)
  eden space 18944K, 99% used [0x00000000d5580000,0x00000000d67ff078,0x00000000d6800000)
  from space 512K, 77% used [0x00000000d6900000,0x00000000d6963bd0,0x00000000d6980000)
  to   space 1024K, 0% used [0x00000000d6980000,0x00000000d6980000,0x00000000d6a80000)
 ParOldGen       total 68608K, used 42558K [0x0000000080000000, 0x0000000084300000, 0x00000000d5580000)
  object space 68608K, 62% used [0x0000000080000000,0x000000008298fa08,0x0000000084300000)
 Metaspace       used 56173K, committed 57408K, reserved 1114112K
  class space    used 6011K, committed 6528K, reserved 1048576K
}
Event: 25.257 GC heap after
{Heap after GC invocations=34 (full 2):
 PSYoungGen      total 19968K, used 625K [0x00000000d5580000, 0x00000000d6a80000, 0x0000000100000000)
  eden space 18944K, 0% used [0x00000000d5580000,0x00000000d5580000,0x00000000d6800000)
  from space 1024K, 61% used [0x00000000d6980000,0x00000000d6a1c710,0x00000000d6a80000)
  to   space 1024K, 0% used [0x00000000d6880000,0x00000000d6880000,0x00000000d6980000)
 ParOldGen       total 68608K, used 42678K [0x0000000080000000, 0x0000000084300000, 0x00000000d5580000)
  object space 68608K, 62% used [0x0000000080000000,0x00000000829ada08,0x0000000084300000)
 Metaspace       used 56173K, committed 57408K, reserved 1114112K
  class space    used 6011K, committed 6528K, reserved 1048576K
}
Event: 25.775 GC heap before
{Heap before GC invocations=35 (full 2):
 PSYoungGen      total 19968K, used 19569K [0x00000000d5580000, 0x00000000d6a80000, 0x0000000100000000)
  eden space 18944K, 100% used [0x00000000d5580000,0x00000000d6800000,0x00000000d6800000)
  from space 1024K, 61% used [0x00000000d6980000,0x00000000d6a1c710,0x00000000d6a80000)
  to   space 1024K, 0% used [0x00000000d6880000,0x00000000d6880000,0x00000000d6980000)
 ParOldGen       total 68608K, used 42678K [0x0000000080000000, 0x0000000084300000, 0x00000000d5580000)
  object space 68608K, 62% used [0x0000000080000000,0x00000000829ada08,0x0000000084300000)
 Metaspace       used 58180K, committed 59520K, reserved 1114112K
  class space    used 6219K, committed 6784K, reserved 1048576K
}
Event: 25.781 GC heap after
{Heap after GC invocations=35 (full 2):
 PSYoungGen      total 19968K, used 1014K [0x00000000d5580000, 0x00000000d6e00000, 0x0000000100000000)
  eden space 18944K, 0% used [0x00000000d5580000,0x00000000d5580000,0x00000000d6800000)
  from space 1024K, 99% used [0x00000000d6880000,0x00000000d697da40,0x00000000d6980000)
  to   space 3072K, 0% used [0x00000000d6b00000,0x00000000d6b00000,0x00000000d6e00000)
 ParOldGen       total 68608K, used 44149K [0x0000000080000000, 0x0000000084300000, 0x00000000d5580000)
  object space 68608K, 64% used [0x0000000080000000,0x0000000082b1d5e8,0x0000000084300000)
 Metaspace       used 58180K, committed 59520K, reserved 1114112K
  class space    used 6219K, committed 6784K, reserved 1048576K
}
Event: 25.972 GC heap before
{Heap before GC invocations=36 (full 2):
 PSYoungGen      total 19968K, used 8092K [0x00000000d5580000, 0x00000000d6e00000, 0x0000000100000000)
  eden space 18944K, 37% used [0x00000000d5580000,0x00000000d5c697f0,0x00000000d6800000)
  from space 1024K, 99% used [0x00000000d6880000,0x00000000d697da40,0x00000000d6980000)
  to   space 3072K, 0% used [0x00000000d6b00000,0x00000000d6b00000,0x00000000d6e00000)
 ParOldGen       total 68608K, used 44149K [0x0000000080000000, 0x0000000084300000, 0x00000000d5580000)
  object space 68608K, 64% used [0x0000000080000000,0x0000000082b1d5e8,0x0000000084300000)
 Metaspace       used 58954K, committed 60288K, reserved 1114112K
  class space    used 6314K, committed 6912K, reserved 1048576K
}
Event: 25.978 GC heap after
{Heap after GC invocations=36 (full 2):
 PSYoungGen      total 20480K, used 1409K [0x00000000d5580000, 0x00000000d6c80000, 0x0000000100000000)
  eden space 18944K, 0% used [0x00000000d5580000,0x00000000d5580000,0x00000000d6800000)
  from space 1536K, 91% used [0x00000000d6b00000,0x00000000d6c60748,0x00000000d6c80000)
  to   space 2048K, 0% used [0x00000000d6880000,0x00000000d6880000,0x00000000d6a80000)
 ParOldGen       total 68608K, used 45139K [0x0000000080000000, 0x0000000084300000, 0x00000000d5580000)
  object space 68608K, 65% used [0x0000000080000000,0x0000000082c14e80,0x0000000084300000)
 Metaspace       used 58954K, committed 60288K, reserved 1114112K
  class space    used 6314K, committed 6912K, reserved 1048576K
}
Event: 25.978 GC heap before
{Heap before GC invocations=37 (full 3):
 PSYoungGen      total 20480K, used 1409K [0x00000000d5580000, 0x00000000d6c80000, 0x0000000100000000)
  eden space 18944K, 0% used [0x00000000d5580000,0x00000000d5580000,0x00000000d6800000)
  from space 1536K, 91% used [0x00000000d6b00000,0x00000000d6c60748,0x00000000d6c80000)
  to   space 2048K, 0% used [0x00000000d6880000,0x00000000d6880000,0x00000000d6a80000)
 ParOldGen       total 68608K, used 45139K [0x0000000080000000, 0x0000000084300000, 0x00000000d5580000)
  object space 68608K, 65% used [0x0000000080000000,0x0000000082c14e80,0x0000000084300000)
 Metaspace       used 58954K, committed 60288K, reserved 1114112K
  class space    used 6314K, committed 6912K, reserved 1048576K
}
Event: 26.144 GC heap after
{Heap after GC invocations=37 (full 3):
 PSYoungGen      total 20480K, used 0K [0x00000000d5580000, 0x00000000d6c80000, 0x0000000100000000)
  eden space 18944K, 0% used [0x00000000d5580000,0x00000000d5580000,0x00000000d6800000)
  from space 1536K, 0% used [0x00000000d6b00000,0x00000000d6b00000,0x00000000d6c80000)
  to   space 2048K, 0% used [0x00000000d6880000,0x00000000d6880000,0x00000000d6a80000)
 ParOldGen       total 68608K, used 43235K [0x0000000080000000, 0x0000000084300000, 0x00000000d5580000)
  object space 68608K, 63% used [0x0000000080000000,0x0000000082a38d18,0x0000000084300000)
 Metaspace       used 58954K, committed 60288K, reserved 1114112K
  class space    used 6314K, committed 6912K, reserved 1048576K
}
Event: 26.982 GC heap before
{Heap before GC invocations=38 (full 3):
 PSYoungGen      total 20480K, used 18933K [0x00000000d5580000, 0x00000000d6c80000, 0x0000000100000000)
  eden space 18944K, 99% used [0x00000000d5580000,0x00000000d67fd5d8,0x00000000d6800000)
  from space 1536K, 0% used [0x00000000d6b00000,0x00000000d6b00000,0x00000000d6c80000)
  to   space 2048K, 0% used [0x00000000d6880000,0x00000000d6880000,0x00000000d6a80000)
 ParOldGen       total 68608K, used 43235K [0x0000000080000000, 0x0000000084300000, 0x00000000d5580000)
  object space 68608K, 63% used [0x0000000080000000,0x0000000082a38d18,0x0000000084300000)
 Metaspace       used 60983K, committed 62272K, reserved 1114112K
  class space    used 6500K, committed 7040K, reserved 1048576K
}
Event: 26.987 GC heap after
{Heap after GC invocations=38 (full 3):
 PSYoungGen      total 20992K, used 1925K [0x00000000d5580000, 0x00000000d6c00000, 0x0000000100000000)
  eden space 18944K, 0% used [0x00000000d5580000,0x00000000d5580000,0x00000000d6800000)
  from space 2048K, 94% used [0x00000000d6880000,0x00000000d6a614f8,0x00000000d6a80000)
  to   space 1536K, 0% used [0x00000000d6a80000,0x00000000d6a80000,0x00000000d6c00000)
 ParOldGen       total 68608K, used 43243K [0x0000000080000000, 0x0000000084300000, 0x00000000d5580000)
  object space 68608K, 63% used [0x0000000080000000,0x0000000082a3ad18,0x0000000084300000)
 Metaspace       used 60983K, committed 62272K, reserved 1114112K
  class space    used 6500K, committed 7040K, reserved 1048576K
}
Event: 28.191 GC heap before
{Heap before GC invocations=39 (full 3):
 PSYoungGen      total 20992K, used 20869K [0x00000000d5580000, 0x00000000d6c00000, 0x0000000100000000)
  eden space 18944K, 100% used [0x00000000d5580000,0x00000000d6800000,0x00000000d6800000)
  from space 2048K, 94% used [0x00000000d6880000,0x00000000d6a614f8,0x00000000d6a80000)
  to   space 1536K, 0% used [0x00000000d6a80000,0x00000000d6a80000,0x00000000d6c00000)
 ParOldGen       total 68608K, used 43243K [0x0000000080000000, 0x0000000084300000, 0x00000000d5580000)
  object space 68608K, 63% used [0x0000000080000000,0x0000000082a3ad18,0x0000000084300000)
 Metaspace       used 62101K, committed 63424K, reserved 1114112K
  class space    used 6561K, committed 7104K, reserved 1048576K
}
Event: 28.201 GC heap after
{Heap after GC invocations=39 (full 3):
 PSYoungGen      total 18944K, used 1516K [0x00000000d5580000, 0x00000000d7000000, 0x0000000100000000)
  eden space 17408K, 0% used [0x00000000d5580000,0x00000000d5580000,0x00000000d6680000)
  from space 1536K, 98% used [0x00000000d6a80000,0x00000000d6bfb3e8,0x00000000d6c00000)
  to   space 4096K, 0% used [0x00000000d6680000,0x00000000d6680000,0x00000000d6a80000)
 ParOldGen       total 68608K, used 45408K [0x0000000080000000, 0x0000000084300000, 0x00000000d5580000)
  object space 68608K, 66% used [0x0000000080000000,0x0000000082c583c8,0x0000000084300000)
 Metaspace       used 62101K, committed 63424K, reserved 1114112K
  class space    used 6561K, committed 7104K, reserved 1048576K
}
Event: 28.716 GC heap before
{Heap before GC invocations=40 (full 3):
 PSYoungGen      total 18944K, used 18924K [0x00000000d5580000, 0x00000000d7000000, 0x0000000100000000)
  eden space 17408K, 100% used [0x00000000d5580000,0x00000000d6680000,0x00000000d6680000)
  from space 1536K, 98% used [0x00000000d6a80000,0x00000000d6bfb3e8,0x00000000d6c00000)
  to   space 4096K, 0% used [0x00000000d6680000,0x00000000d6680000,0x00000000d6a80000)
 ParOldGen       total 68608K, used 45408K [0x0000000080000000, 0x0000000084300000, 0x00000000d5580000)
  object space 68608K, 66% used [0x0000000080000000,0x0000000082c583c8,0x0000000084300000)
 Metaspace       used 63514K, committed 64896K, reserved 1114112K
  class space    used 6701K, committed 7296K, reserved 1048576K
}
Event: 28.720 GC heap after
{Heap after GC invocations=40 (full 3):
 PSYoungGen      total 18432K, used 825K [0x00000000d5580000, 0x00000000d6b00000, 0x0000000100000000)
  eden space 17408K, 0% used [0x00000000d5580000,0x00000000d5580000,0x00000000d6680000)
  from space 1024K, 80% used [0x00000000d6680000,0x00000000d674e568,0x00000000d6780000)
  to   space 2048K, 0% used [0x00000000d6900000,0x00000000d6900000,0x00000000d6b00000)
 ParOldGen       total 68608K, used 46900K [0x0000000080000000, 0x0000000084300000, 0x00000000d5580000)
  object space 68608K, 68% used [0x0000000080000000,0x0000000082dcd0c0,0x0000000084300000)
 Metaspace       used 63514K, committed 64896K, reserved 1114112K
  class space    used 6701K, committed 7296K, reserved 1048576K
}

