# JRE version: OpenJDK Runtime Environment Temurin-21.0.11+10 (21.0.11+10) (build 21.0.11+10-LTS)
# Java VM: OpenJDK 64-Bit Server VM Temurin-21.0.11+10 (21.0.11+10-LTS, mixed mode, sharing, tiered, compressed oops, compressed class ptrs, parallel gc, windows-amd64)
GC Precious Log:
 CardTable entry size: 512
 CPUs: 4 total, 4 available
 Memory: 3862M
 Large Page Support: Disabled
 NUMA Support: Disabled
 Compressed Oops: Enabled (32-bit)
 Alignments: Space 512K, Generation 512K, Heap 2M
 Heap Min Capacity: 100M
 Heap Initial Capacity: 100M
 Heap Max Capacity: 2G
 Pre-touch: Disabled
 Parallel Workers: 4
Heap:
 PSYoungGen      total 13312K, used 8587K [0x00000000d5580000, 0x00000000d6800000, 0x0000000100000000)
  eden space 11776K, 60% used [0x00000000d5580000,0x00000000d5c696d0,0x00000000d6100000)
  from space 1536K, 98% used [0x00000000d6580000,0x00000000d66f9548,0x00000000d6700000)
  to   space 1024K, 0% used [0x00000000d6700000,0x00000000d6700000,0x00000000d6800000)
 ParOldGen       total 68608K, used 67416K [0x0000000080000000, 0x0000000084300000, 0x00000000d5580000)
  object space 68608K, 98% used [0x0000000080000000,0x00000000841d6378,0x0000000084300000)
 Metaspace       used 65922K, committed 67520K, reserved 1114112K
  class space    used 6867K, committed 7616K, reserved 1048576K
GC Heap History (20 events):
Event: 22.725 GC heap before
{Heap before GC invocations=37 (full 3):
 PSYoungGen      total 23552K, used 20992K [0x00000000d5580000, 0x00000000d7000000, 0x0000000100000000)
  eden space 20992K, 100% used [0x00000000d5580000,0x00000000d6a00000,0x00000000d6a00000)
  from space 2560K, 0% used [0x00000000d6a00000,0x00000000d6a00000,0x00000000d6c80000)
  to   space 3072K, 0% used [0x00000000d6d00000,0x00000000d6d00000,0x00000000d7000000)
 ParOldGen       total 68608K, used 44522K [0x0000000080000000, 0x0000000084300000, 0x00000000d5580000)
  object space 68608K, 64% used [0x0000000080000000,0x0000000082b7aa28,0x0000000084300000)
 Metaspace       used 59788K, committed 61184K, reserved 1114112K
  class space    used 6400K, committed 7040K, reserved 1048576K
}
Event: 22.737 GC heap after
{Heap after GC invocations=37 (full 3):
 PSYoungGen      total 17920K, used 3042K [0x00000000d5580000, 0x00000000d7c00000, 0x0000000100000000)
  eden space 14848K, 0% used [0x00000000d5580000,0x00000000d5580000,0x00000000d6400000)
  from space 3072K, 99% used [0x00000000d6d00000,0x00000000d6ff8800,0x00000000d7000000)
  to   space 9216K, 0% used [0x00000000d6400000,0x00000000d6400000,0x00000000d6d00000)
 ParOldGen       total 68608K, used 49657K [0x0000000080000000, 0x0000000084300000, 0x00000000d5580000)
  object space 68608K, 72% used [0x0000000080000000,0x000000008307e730,0x0000000084300000)
 Metaspace       used 59788K, committed 61184K, reserved 1114112K
  class space    used 6400K, committed 7040K, reserved 1048576K
}
Event: 23.028 GC heap before
{Heap before GC invocations=38 (full 3):
 PSYoungGen      total 17920K, used 17890K [0x00000000d5580000, 0x00000000d7c00000, 0x0000000100000000)
  eden space 14848K, 100% used [0x00000000d5580000,0x00000000d6400000,0x00000000d6400000)
  from space 3072K, 99% used [0x00000000d6d00000,0x00000000d6ff8800,0x00000000d7000000)
  to   space 9216K, 0% used [0x00000000d6400000,0x00000000d6400000,0x00000000d6d00000)
 ParOldGen       total 68608K, used 49657K [0x0000000080000000, 0x0000000084300000, 0x00000000d5580000)
  object space 68608K, 72% used [0x0000000080000000,0x000000008307e730,0x0000000084300000)
 Metaspace       used 60358K, committed 61760K, reserved 1114112K
  class space    used 6431K, committed 7040K, reserved 1048576K
}
Event: 23.050 GC heap after
{Heap after GC invocations=38 (full 3):
 PSYoungGen      total 19968K, used 4671K [0x00000000d5580000, 0x00000000d7000000, 0x0000000100000000)
  eden space 14848K, 0% used [0x00000000d5580000,0x00000000d5580000,0x00000000d6400000)
  from space 5120K, 91% used [0x00000000d6400000,0x00000000d688fc70,0x00000000d6900000)
  to   space 6144K, 0% used [0x00000000d6a00000,0x00000000d6a00000,0x00000000d7000000)
 ParOldGen       total 68608K, used 52689K [0x0000000080000000, 0x0000000084300000, 0x00000000d5580000)
  object space 68608K, 76% used [0x0000000080000000,0x0000000083374788,0x0000000084300000)
 Metaspace       used 60358K, committed 61760K, reserved 1114112K
  class space    used 6431K, committed 7040K, reserved 1048576K
}
Event: 23.559 GC heap before
{Heap before GC invocations=39 (full 3):
 PSYoungGen      total 19968K, used 19519K [0x00000000d5580000, 0x00000000d7000000, 0x0000000100000000)
  eden space 14848K, 100% used [0x00000000d5580000,0x00000000d6400000,0x00000000d6400000)
  from space 5120K, 91% used [0x00000000d6400000,0x00000000d688fc70,0x00000000d6900000)
  to   space 6144K, 0% used [0x00000000d6a00000,0x00000000d6a00000,0x00000000d7000000)
 ParOldGen       total 68608K, used 52689K [0x0000000080000000, 0x0000000084300000, 0x00000000d5580000)
  object space 68608K, 76% used [0x0000000080000000,0x0000000083374788,0x0000000084300000)
 Metaspace       used 61048K, committed 62528K, reserved 1114112K
  class space    used 6468K, committed 7104K, reserved 1048576K
}
Event: 23.567 GC heap after
{Heap after GC invocations=39 (full 3):
 PSYoungGen      total 16384K, used 1076K [0x00000000d5580000, 0x00000000d6b80000, 0x0000000100000000)
  eden space 14848K, 0% used [0x00000000d5580000,0x00000000d5580000,0x00000000d6400000)
  from space 1536K, 70% used [0x00000000d6a00000,0x00000000d6b0d018,0x00000000d6b80000)
  to   space 3072K, 0% used [0x00000000d6580000,0x00000000d6580000,0x00000000d6880000)
 ParOldGen       total 68608K, used 55882K [0x0000000080000000, 0x0000000084300000, 0x00000000d5580000)
  object space 68608K, 81% used [0x0000000080000000,0x0000000083692868,0x0000000084300000)
 Metaspace       used 61048K, committed 62528K, reserved 1114112K
  class space    used 6468K, committed 7104K, reserved 1048576K
}
Event: 23.776 GC heap before
{Heap before GC invocations=40 (full 3):
 PSYoungGen      total 16384K, used 15907K [0x00000000d5580000, 0x00000000d6b80000, 0x0000000100000000)
  eden space 14848K, 99% used [0x00000000d5580000,0x00000000d63fbd30,0x00000000d6400000)
  from space 1536K, 70% used [0x00000000d6a00000,0x00000000d6b0d018,0x00000000d6b80000)
  to   space 3072K, 0% used [0x00000000d6580000,0x00000000d6580000,0x00000000d6880000)
 ParOldGen       total 68608K, used 55882K [0x0000000080000000, 0x0000000084300000, 0x00000000d5580000)
  object space 68608K, 81% used [0x0000000080000000,0x0000000083692868,0x0000000084300000)
 Metaspace       used 62032K, committed 63552K, reserved 1114112K
  class space    used 6546K, committed 7232K, reserved 1048576K
}
Event: 23.777 GC heap after
{Heap after GC invocations=40 (full 3):
 PSYoungGen      total 17920K, used 460K [0x00000000d5580000, 0x00000000d6a80000, 0x0000000100000000)
  eden space 14848K, 0% used [0x00000000d5580000,0x00000000d5580000,0x00000000d6400000)
  from space 3072K, 15% used [0x00000000d6580000,0x00000000d65f3378,0x00000000d6880000)
  to   space 1024K, 0% used [0x00000000d6980000,0x00000000d6980000,0x00000000d6a80000)
 ParOldGen       total 68608K, used 56061K [0x0000000080000000, 0x0000000084300000, 0x00000000d5580000)
  object space 68608K, 81% used [0x0000000080000000,0x00000000836bf490,0x0000000084300000)
 Metaspace       used 62032K, committed 63552K, reserved 1114112K
  class space    used 6546K, committed 7232K, reserved 1048576K
}
Event: 23.965 GC heap before
{Heap before GC invocations=41 (full 3):
 PSYoungGen      total 17920K, used 15308K [0x00000000d5580000, 0x00000000d6a80000, 0x0000000100000000)
  eden space 14848K, 100% used [0x00000000d5580000,0x00000000d6400000,0x00000000d6400000)
  from space 3072K, 15% used [0x00000000d6580000,0x00000000d65f3378,0x00000000d6880000)
  to   space 1024K, 0% used [0x00000000d6980000,0x00000000d6980000,0x00000000d6a80000)
 ParOldGen       total 68608K, used 56061K [0x0000000080000000, 0x0000000084300000, 0x00000000d5580000)
  object space 68608K, 81% used [0x0000000080000000,0x00000000836bf490,0x0000000084300000)
 Metaspace       used 62520K, committed 64064K, reserved 1114112K
  class space    used 6575K, committed 7296K, reserved 1048576K
}
Event: 23.974 GC heap after
{Heap after GC invocations=41 (full 3):
 PSYoungGen      total 12800K, used 998K [0x00000000d5580000, 0x00000000d7500000, 0x0000000100000000)
  eden space 11776K, 0% used [0x00000000d5580000,0x00000000d5580000,0x00000000d6100000)
  from space 1024K, 97% used [0x00000000d6980000,0x00000000d6a79870,0x00000000d6a80000)
  to   space 8704K, 0% used [0x00000000d6100000,0x00000000d6100000,0x00000000d6980000)
 ParOldGen       total 68608K, used 62300K [0x0000000080000000, 0x0000000084300000, 0x00000000d5580000)
  object space 68608K, 90% used [0x0000000080000000,0x0000000083cd7070,0x0000000084300000)
 Metaspace       used 62520K, committed 64064K, reserved 1114112K
  class space    used 6575K, committed 7296K, reserved 1048576K
}
Event: 24.198 GC heap before
{Heap before GC invocations=42 (full 3):
 PSYoungGen      total 12800K, used 12774K [0x00000000d5580000, 0x00000000d7500000, 0x0000000100000000)
  eden space 11776K, 100% used [0x00000000d5580000,0x00000000d6100000,0x00000000d6100000)
  from space 1024K, 97% used [0x00000000d6980000,0x00000000d6a79870,0x00000000d6a80000)
  to   space 8704K, 0% used [0x00000000d6100000,0x00000000d6100000,0x00000000d6980000)
 ParOldGen       total 68608K, used 63224K [0x0000000080000000, 0x0000000084300000, 0x00000000d5580000)
  object space 68608K, 92% used [0x0000000080000000,0x0000000083dbe038,0x0000000084300000)
 Metaspace       used 63125K, committed 64576K, reserved 1114112K
  class space    used 6616K, committed 7296K, reserved 1048576K
}
Event: 24.201 GC heap after
{Heap after GC invocations=42 (full 3):
 PSYoungGen      total 13824K, used 1767K [0x00000000d5580000, 0x00000000d6c00000, 0x0000000100000000)
  eden space 11776K, 0% used [0x00000000d5580000,0x00000000d5580000,0x00000000d6100000)
  from space 2048K, 86% used [0x00000000d6100000,0x00000000d62b9d10,0x00000000d6300000)
  to   space 4096K, 0% used [0x00000000d6800000,0x00000000d6800000,0x00000000d6c00000)
 ParOldGen       total 68608K, used 64230K [0x0000000080000000, 0x0000000084300000, 0x00000000d5580000)
  object space 68608K, 93% used [0x0000000080000000,0x0000000083eb98c8,0x0000000084300000)
 Metaspace       used 63125K, committed 64576K, reserved 1114112K
  class space    used 6616K, committed 7296K, reserved 1048576K
}
Event: 24.386 GC heap before
{Heap before GC invocations=43 (full 3):
 PSYoungGen      total 13824K, used 13543K [0x00000000d5580000, 0x00000000d6c00000, 0x0000000100000000)
  eden space 11776K, 99% used [0x00000000d5580000,0x00000000d60ffff8,0x00000000d6100000)
  from space 2048K, 86% used [0x00000000d6100000,0x00000000d62b9d10,0x00000000d6300000)
  to   space 4096K, 0% used [0x00000000d6800000,0x00000000d6800000,0x00000000d6c00000)
 ParOldGen       total 68608K, used 64232K [0x0000000080000000, 0x0000000084300000, 0x00000000d5580000)
  object space 68608K, 93% used [0x0000000080000000,0x0000000083eba0a8,0x0000000084300000)
 Metaspace       used 64021K, committed 65536K, reserved 1114112K
  class space    used 6660K, committed 7360K, reserved 1048576K
}
Event: 24.390 GC heap after
{Heap after GC invocations=43 (full 3):
 PSYoungGen      total 13312K, used 1245K [0x00000000d5580000, 0x00000000d6980000, 0x0000000100000000)
  eden space 11776K, 0% used [0x00000000d5580000,0x00000000d5580000,0x00000000d6100000)
  from space 1536K, 81% used [0x00000000d6800000,0x00000000d6937568,0x00000000d6980000)
  to   space 2048K, 0% used [0x00000000d6580000,0x00000000d6580000,0x00000000d6780000)
 ParOldGen       total 68608K, used 65968K [0x0000000080000000, 0x0000000084300000, 0x00000000d5580000)
  object space 68608K, 96% used [0x0000000080000000,0x000000008406c248,0x0000000084300000)
 Metaspace       used 64021K, committed 65536K, reserved 1114112K
  class space    used 6660K, committed 7360K, reserved 1048576K
}
Event: 24.538 GC heap before
{Heap before GC invocations=44 (full 3):
 PSYoungGen      total 13312K, used 13021K [0x00000000d5580000, 0x00000000d6980000, 0x0000000100000000)
  eden space 11776K, 100% used [0x00000000d5580000,0x00000000d6100000,0x00000000d6100000)
  from space 1536K, 81% used [0x00000000d6800000,0x00000000d6937568,0x00000000d6980000)
  to   space 2048K, 0% used [0x00000000d6580000,0x00000000d6580000,0x00000000d6780000)
 ParOldGen       total 68608K, used 65968K [0x0000000080000000, 0x0000000084300000, 0x00000000d5580000)
  object space 68608K, 96% used [0x0000000080000000,0x000000008406c248,0x0000000084300000)
 Metaspace       used 64185K, committed 65728K, reserved 1114112K
  class space    used 6664K, committed 7360K, reserved 1048576K
}
Event: 24.546 GC heap after
{Heap after GC invocations=44 (full 3):
 PSYoungGen      total 13824K, used 2002K [0x00000000d5580000, 0x00000000d6880000, 0x0000000100000000)
  eden space 11776K, 0% used [0x00000000d5580000,0x00000000d5580000,0x00000000d6100000)
  from space 2048K, 97% used [0x00000000d6580000,0x00000000d6774ab0,0x00000000d6780000)
  to   space 1024K, 0% used [0x00000000d6780000,0x00000000d6780000,0x00000000d6880000)
 ParOldGen       total 68608K, used 66247K [0x0000000080000000, 0x0000000084300000, 0x00000000d5580000)
  object space 68608K, 96% used [0x0000000080000000,0x00000000840b1c40,0x0000000084300000)
 Metaspace       used 64185K, committed 65728K, reserved 1114112K
  class space    used 6664K, committed 7360K, reserved 1048576K
}
Event: 24.733 GC heap before
{Heap before GC invocations=45 (full 3):
 PSYoungGen      total 13824K, used 13778K [0x00000000d5580000, 0x00000000d6880000, 0x0000000100000000)
  eden space 11776K, 100% used [0x00000000d5580000,0x00000000d6100000,0x00000000d6100000)
  from space 2048K, 97% used [0x00000000d6580000,0x00000000d6774ab0,0x00000000d6780000)
  to   space 1024K, 0% used [0x00000000d6780000,0x00000000d6780000,0x00000000d6880000)
 ParOldGen       total 68608K, used 66247K [0x0000000080000000, 0x0000000084300000, 0x00000000d5580000)
  object space 68608K, 96% used [0x0000000080000000,0x00000000840b1c40,0x0000000084300000)
 Metaspace       used 64559K, committed 66048K, reserved 1114112K
  class space    used 6691K, committed 7360K, reserved 1048576K
}
Event: 24.735 GC heap after
{Heap after GC invocations=45 (full 3):
 PSYoungGen      total 12800K, used 615K [0x00000000d5580000, 0x00000000d6880000, 0x0000000100000000)
  eden space 11776K, 0% used [0x00000000d5580000,0x00000000d5580000,0x00000000d6100000)
  from space 1024K, 60% used [0x00000000d6780000,0x00000000d6819e90,0x00000000d6880000)
  to   space 1536K, 0% used [0x00000000d6580000,0x00000000d6580000,0x00000000d6700000)
 ParOldGen       total 68608K, used 66589K [0x0000000080000000, 0x0000000084300000, 0x00000000d5580000)
  object space 68608K, 97% used [0x0000000080000000,0x0000000084107570,0x0000000084300000)
 Metaspace       used 64559K, committed 66048K, reserved 1114112K
  class space    used 6691K, committed 7360K, reserved 1048576K
}
Event: 25.389 GC heap before
{Heap before GC invocations=46 (full 3):
 PSYoungGen      total 12800K, used 12391K [0x00000000d5580000, 0x00000000d6880000, 0x0000000100000000)
  eden space 11776K, 100% used [0x00000000d5580000,0x00000000d6100000,0x00000000d6100000)
  from space 1024K, 60% used [0x00000000d6780000,0x00000000d6819e90,0x00000000d6880000)
  to   space 1536K, 0% used [0x00000000d6580000,0x00000000d6580000,0x00000000d6700000)
 ParOldGen       total 68608K, used 66589K [0x0000000080000000, 0x0000000084300000, 0x00000000d5580000)
  object space 68608K, 97% used [0x0000000080000000,0x0000000084107570,0x0000000084300000)
 Metaspace       used 65148K, committed 66688K, reserved 1114112K
  class space    used 6762K, committed 7488K, reserved 1048576K
}
Event: 25.394 GC heap after
{Heap after GC invocations=46 (full 3):
 PSYoungGen      total 13312K, used 1509K [0x00000000d5580000, 0x00000000d6800000, 0x0000000100000000)
  eden space 11776K, 0% used [0x00000000d5580000,0x00000000d5580000,0x00000000d6100000)
  from space 1536K, 98% used [0x00000000d6580000,0x00000000d66f9548,0x00000000d6700000)
  to   space 1024K, 0% used [0x00000000d6700000,0x00000000d6700000,0x00000000d6800000)
 ParOldGen       total 68608K, used 67416K [0x0000000080000000, 0x0000000084300000, 0x00000000d5580000)
  object space 68608K, 98% used [0x0000000080000000,0x00000000841d6378,0x0000000084300000)
 Metaspace       used 65148K, committed 66688K, reserved 1114112K
  class space    used 6762K, committed 7488K, reserved 1048576K
}

