# JRE version: OpenJDK Runtime Environment Temurin-21.0.11+10 (21.0.11+10) (build 21.0.11+10-LTS)
# Java VM: OpenJDK 64-Bit Server VM Temurin-21.0.11+10 (21.0.11+10-LTS, mixed mode, sharing, tiered, compressed oops, compressed class ptrs, parallel gc, windows-amd64)
GC Precious Log:
 CardTable entry size: 512
 CPUs: 4 total, 4 available
 Memory: 3862M
 Large Page Support: Disabled
 NUMA Support: Disabled
 Compressed Oops: Enabled (32-bit)
 Alignments: Space 512K, Generation 512K, Heap 2M
 Heap Min Capacity: 100M
 Heap Initial Capacity: 100M
 Heap Max Capacity: 2G
 Pre-touch: Disabled
 Parallel Workers: 4
Heap:
 PSYoungGen      total 18944K, used 15438K [0x00000000d5580000, 0x00000000d7a00000, 0x0000000100000000)
  eden space 14336K, 75% used [0x00000000d5580000,0x00000000d6016818,0x00000000d6380000)
  from space 4608K, 99% used [0x00000000d6c80000,0x00000000d70fd0c0,0x00000000d7100000)
  to   space 9216K, 0% used [0x00000000d6380000,0x00000000d6380000,0x00000000d6c80000)
 ParOldGen       total 68608K, used 40711K [0x0000000080000000, 0x0000000084300000, 0x00000000d5580000)
  object space 68608K, 59% used [0x0000000080000000,0x00000000827c1c90,0x0000000084300000)
 Metaspace       used 46599K, committed 47744K, reserved 1114112K
  class space    used 4550K, committed 5056K, reserved 1048576K
GC Heap History (20 events):
Event: 14.802 GC heap before
{Heap before GC invocations=19 (full 1):
 PSYoungGen      total 22528K, used 4261K [0x00000000d5580000, 0x00000000d6e00000, 0x0000000100000000)
  eden space 20992K, 13% used [0x00000000d5580000,0x00000000d583efb0,0x00000000d6a00000)
  from space 1536K, 94% used [0x00000000d6a00000,0x00000000d6b6a558,0x00000000d6b80000)
  to   space 2048K, 0% used [0x00000000d6c00000,0x00000000d6c00000,0x00000000d6e00000)
 ParOldGen       total 68608K, used 28438K [0x0000000080000000, 0x0000000084300000, 0x00000000d5580000)
  object space 68608K, 41% used [0x0000000080000000,0x0000000081bc5b30,0x0000000084300000)
 Metaspace       used 34937K, committed 35840K, reserved 1114112K
  class space    used 3534K, committed 3968K, reserved 1048576K
}
Event: 14.804 GC heap after
{Heap after GC invocations=19 (full 1):
 PSYoungGen      total 21504K, used 342K [0x00000000d5580000, 0x00000000d6c80000, 0x0000000100000000)
  eden space 20992K, 0% used [0x00000000d5580000,0x00000000d5580000,0x00000000d6a00000)
  from space 512K, 66% used [0x00000000d6c00000,0x00000000d6c55b80,0x00000000d6c80000)
  to   space 1024K, 0% used [0x00000000d6a80000,0x00000000d6a80000,0x00000000d6b80000)
 ParOldGen       total 68608K, used 29801K [0x0000000080000000, 0x0000000084300000, 0x00000000d5580000)
  object space 68608K, 43% used [0x0000000080000000,0x0000000081d1a548,0x0000000084300000)
 Metaspace       used 34937K, committed 35840K, reserved 1114112K
  class space    used 3534K, committed 3968K, reserved 1048576K
}
Event: 14.804 GC heap before
{Heap before GC invocations=20 (full 2):
 PSYoungGen      total 21504K, used 342K [0x00000000d5580000, 0x00000000d6c80000, 0x0000000100000000)
  eden space 20992K, 0% used [0x00000000d5580000,0x00000000d5580000,0x00000000d6a00000)
  from space 512K, 66% used [0x00000000d6c00000,0x00000000d6c55b80,0x00000000d6c80000)
  to   space 1024K, 0% used [0x00000000d6a80000,0x00000000d6a80000,0x00000000d6b80000)
 ParOldGen       total 68608K, used 29801K [0x0000000080000000, 0x0000000084300000, 0x00000000d5580000)
  object space 68608K, 43% used [0x0000000080000000,0x0000000081d1a548,0x0000000084300000)
 Metaspace       used 34937K, committed 35840K, reserved 1114112K
  class space    used 3534K, committed 3968K, reserved 1048576K
}
Event: 14.874 GC heap after
{Heap after GC invocations=20 (full 2):
 PSYoungGen      total 21504K, used 0K [0x00000000d5580000, 0x00000000d6c80000, 0x0000000100000000)
  eden space 20992K, 0% used [0x00000000d5580000,0x00000000d5580000,0x00000000d6a00000)
  from space 512K, 0% used [0x00000000d6c00000,0x00000000d6c00000,0x00000000d6c80000)
  to   space 1024K, 0% used [0x00000000d6a80000,0x00000000d6a80000,0x00000000d6b80000)
 ParOldGen       total 68608K, used 28383K [0x0000000080000000, 0x0000000084300000, 0x00000000d5580000)
  object space 68608K, 41% used [0x0000000080000000,0x0000000081bb7fe8,0x0000000084300000)
 Metaspace       used 34937K, committed 35840K, reserved 1114112K
  class space    used 3534K, committed 3968K, reserved 1048576K
}
Event: 15.670 GC heap before
{Heap before GC invocations=21 (full 2):
 PSYoungGen      total 21504K, used 20930K [0x00000000d5580000, 0x00000000d6c80000, 0x0000000100000000)
  eden space 20992K, 99% used [0x00000000d5580000,0x00000000d69f0958,0x00000000d6a00000)
  from space 512K, 0% used [0x00000000d6c00000,0x00000000d6c00000,0x00000000d6c80000)
  to   space 1024K, 0% used [0x00000000d6a80000,0x00000000d6a80000,0x00000000d6b80000)
 ParOldGen       total 68608K, used 28383K [0x0000000080000000, 0x0000000084300000, 0x00000000d5580000)
  object space 68608K, 41% used [0x0000000080000000,0x0000000081bb7fe8,0x0000000084300000)
 Metaspace       used 36682K, committed 37632K, reserved 1114112K
  class space    used 3713K, committed 4160K, reserved 1048576K
}
Event: 15.672 GC heap after
{Heap after GC invocations=21 (full 2):
 PSYoungGen      total 22016K, used 770K [0x00000000d5580000, 0x00000000d6c80000, 0x0000000100000000)
  eden space 20992K, 0% used [0x00000000d5580000,0x00000000d5580000,0x00000000d6a00000)
  from space 1024K, 75% used [0x00000000d6a80000,0x00000000d6b40b38,0x00000000d6b80000)
  to   space 1024K, 0% used [0x00000000d6b80000,0x00000000d6b80000,0x00000000d6c80000)
 ParOldGen       total 68608K, used 28391K [0x0000000080000000, 0x0000000084300000, 0x00000000d5580000)
  object space 68608K, 41% used [0x0000000080000000,0x0000000081bb9fe8,0x0000000084300000)
 Metaspace       used 36682K, committed 37632K, reserved 1114112K
  class space    used 3713K, committed 4160K, reserved 1048576K
}
Event: 16.294 GC heap before
{Heap before GC invocations=22 (full 2):
 PSYoungGen      total 22016K, used 21762K [0x00000000d5580000, 0x00000000d6c80000, 0x0000000100000000)
  eden space 20992K, 100% used [0x00000000d5580000,0x00000000d6a00000,0x00000000d6a00000)
  from space 1024K, 75% used [0x00000000d6a80000,0x00000000d6b40b38,0x00000000d6b80000)
  to   space 1024K, 0% used [0x00000000d6b80000,0x00000000d6b80000,0x00000000d6c80000)
 ParOldGen       total 68608K, used 28391K [0x0000000080000000, 0x0000000084300000, 0x00000000d5580000)
  object space 68608K, 41% used [0x0000000080000000,0x0000000081bb9fe8,0x0000000084300000)
 Metaspace       used 38273K, committed 39296K, reserved 1114112K
  class space    used 3865K, committed 4352K, reserved 1048576K
}
Event: 16.296 GC heap after
{Heap after GC invocations=22 (full 2):
 PSYoungGen      total 22016K, used 544K [0x00000000d5580000, 0x00000000d6c80000, 0x0000000100000000)
  eden space 20992K, 0% used [0x00000000d5580000,0x00000000d5580000,0x00000000d6a00000)
  from space 1024K, 53% used [0x00000000d6b80000,0x00000000d6c08000,0x00000000d6c80000)
  to   space 1024K, 0% used [0x00000000d6a80000,0x00000000d6a80000,0x00000000d6b80000)
 ParOldGen       total 68608K, used 29028K [0x0000000080000000, 0x0000000084300000, 0x00000000d5580000)
  object space 68608K, 42% used [0x0000000080000000,0x0000000081c593e8,0x0000000084300000)
 Metaspace       used 38273K, committed 39296K, reserved 1114112K
  class space    used 3865K, committed 4352K, reserved 1048576K
}
Event: 17.414 GC heap before
{Heap before GC invocations=23 (full 2):
 PSYoungGen      total 22016K, used 21536K [0x00000000d5580000, 0x00000000d6c80000, 0x0000000100000000)
  eden space 20992K, 100% used [0x00000000d5580000,0x00000000d6a00000,0x00000000d6a00000)
  from space 1024K, 53% used [0x00000000d6b80000,0x00000000d6c08000,0x00000000d6c80000)
  to   space 1024K, 0% used [0x00000000d6a80000,0x00000000d6a80000,0x00000000d6b80000)
 ParOldGen       total 68608K, used 29028K [0x0000000080000000, 0x0000000084300000, 0x00000000d5580000)
  object space 68608K, 42% used [0x0000000080000000,0x0000000081c593e8,0x0000000084300000)
 Metaspace       used 40808K, committed 41920K, reserved 1114112K
  class space    used 4100K, committed 4608K, reserved 1048576K
}
Event: 17.417 GC heap after
{Heap after GC invocations=23 (full 2):
 PSYoungGen      total 22016K, used 996K [0x00000000d5580000, 0x00000000d7000000, 0x0000000100000000)
  eden space 20992K, 0% used [0x00000000d5580000,0x00000000d5580000,0x00000000d6a00000)
  from space 1024K, 97% used [0x00000000d6a80000,0x00000000d6b79310,0x00000000d6b80000)
  to   space 3072K, 0% used [0x00000000d6d00000,0x00000000d6d00000,0x00000000d7000000)
 ParOldGen       total 68608K, used 30703K [0x0000000080000000, 0x0000000084300000, 0x00000000d5580000)
  object space 68608K, 44% used [0x0000000080000000,0x0000000081dfbdd8,0x0000000084300000)
 Metaspace       used 40808K, committed 41920K, reserved 1114112K
  class space    used 4100K, committed 4608K, reserved 1048576K
}
Event: 18.120 GC heap before
{Heap before GC invocations=24 (full 2):
 PSYoungGen      total 22016K, used 21988K [0x00000000d5580000, 0x00000000d7000000, 0x0000000100000000)
  eden space 20992K, 100% used [0x00000000d5580000,0x00000000d6a00000,0x00000000d6a00000)
  from space 1024K, 97% used [0x00000000d6a80000,0x00000000d6b79310,0x00000000d6b80000)
  to   space 3072K, 0% used [0x00000000d6d00000,0x00000000d6d00000,0x00000000d7000000)
 ParOldGen       total 68608K, used 30703K [0x0000000080000000, 0x0000000084300000, 0x00000000d5580000)
  object space 68608K, 44% used [0x0000000080000000,0x0000000081dfbdd8,0x0000000084300000)
 Metaspace       used 42350K, committed 43392K, reserved 1114112K
  class space    used 4263K, committed 4736K, reserved 1048576K
}
Event: 18.125 GC heap after
{Heap after GC invocations=24 (full 2):
 PSYoungGen      total 22016K, used 3050K [0x00000000d5580000, 0x00000000d7400000, 0x0000000100000000)
  eden space 18944K, 0% used [0x00000000d5580000,0x00000000d5580000,0x00000000d6800000)
  from space 3072K, 99% used [0x00000000d6d00000,0x00000000d6ffaaf0,0x00000000d7000000)
  to   space 5120K, 0% used [0x00000000d6800000,0x00000000d6800000,0x00000000d6d00000)
 ParOldGen       total 68608K, used 31905K [0x0000000080000000, 0x0000000084300000, 0x00000000d5580000)
  object space 68608K, 46% used [0x0000000080000000,0x0000000081f28458,0x0000000084300000)
 Metaspace       used 42350K, committed 43392K, reserved 1114112K
  class space    used 4263K, committed 4736K, reserved 1048576K
}
Event: 18.244 GC heap before
{Heap before GC invocations=25 (full 2):
 PSYoungGen      total 22016K, used 21994K [0x00000000d5580000, 0x00000000d7400000, 0x0000000100000000)
  eden space 18944K, 100% used [0x00000000d5580000,0x00000000d6800000,0x00000000d6800000)
  from space 3072K, 99% used [0x00000000d6d00000,0x00000000d6ffaaf0,0x00000000d7000000)
  to   space 5120K, 0% used [0x00000000d6800000,0x00000000d6800000,0x00000000d6d00000)
 ParOldGen       total 68608K, used 31905K [0x0000000080000000, 0x0000000084300000, 0x00000000d5580000)
  object space 68608K, 46% used [0x0000000080000000,0x0000000081f28458,0x0000000084300000)
 Metaspace       used 42471K, committed 43456K, reserved 1114112K
  class space    used 4265K, committed 4736K, reserved 1048576K
}
Event: 18.247 GC heap after
{Heap after GC invocations=25 (full 2):
 PSYoungGen      total 19968K, used 924K [0x00000000d5580000, 0x00000000d6d80000, 0x0000000100000000)
  eden space 18944K, 0% used [0x00000000d5580000,0x00000000d5580000,0x00000000d6800000)
  from space 1024K, 90% used [0x00000000d6800000,0x00000000d68e73e8,0x00000000d6900000)
  to   space 2560K, 0% used [0x00000000d6b00000,0x00000000d6b00000,0x00000000d6d80000)
 ParOldGen       total 68608K, used 34207K [0x0000000080000000, 0x0000000084300000, 0x00000000d5580000)
  object space 68608K, 49% used [0x0000000080000000,0x0000000082167db8,0x0000000084300000)
 Metaspace       used 42471K, committed 43456K, reserved 1114112K
  class space    used 4265K, committed 4736K, reserved 1048576K
}
Event: 18.490 GC heap before
{Heap before GC invocations=26 (full 2):
 PSYoungGen      total 19968K, used 19868K [0x00000000d5580000, 0x00000000d6d80000, 0x0000000100000000)
  eden space 18944K, 100% used [0x00000000d5580000,0x00000000d6800000,0x00000000d6800000)
  from space 1024K, 90% used [0x00000000d6800000,0x00000000d68e73e8,0x00000000d6900000)
  to   space 2560K, 0% used [0x00000000d6b00000,0x00000000d6b00000,0x00000000d6d80000)
 ParOldGen       total 68608K, used 34207K [0x0000000080000000, 0x0000000084300000, 0x00000000d5580000)
  object space 68608K, 49% used [0x0000000080000000,0x0000000082167db8,0x0000000084300000)
 Metaspace       used 43564K, committed 44608K, reserved 1114112K
  class space    used 4364K, committed 4864K, reserved 1048576K
}
Event: 18.492 GC heap after
{Heap after GC invocations=26 (full 2):
 PSYoungGen      total 19456K, used 288K [0x00000000d5580000, 0x00000000d6b80000, 0x0000000100000000)
  eden space 18944K, 0% used [0x00000000d5580000,0x00000000d5580000,0x00000000d6800000)
  from space 512K, 56% used [0x00000000d6b00000,0x00000000d6b48000,0x00000000d6b80000)
  to   space 1024K, 0% used [0x00000000d6980000,0x00000000d6980000,0x00000000d6a80000)
 ParOldGen       total 68608K, used 34231K [0x0000000080000000, 0x0000000084300000, 0x00000000d5580000)
  object space 68608K, 49% used [0x0000000080000000,0x000000008216ddb8,0x0000000084300000)
 Metaspace       used 43564K, committed 44608K, reserved 1114112K
  class space    used 4364K, committed 4864K, reserved 1048576K
}
Event: 22.752 GC heap before
{Heap before GC invocations=27 (full 2):
 PSYoungGen      total 19456K, used 19232K [0x00000000d5580000, 0x00000000d6b80000, 0x0000000100000000)
  eden space 18944K, 100% used [0x00000000d5580000,0x00000000d6800000,0x00000000d6800000)
  from space 512K, 56% used [0x00000000d6b00000,0x00000000d6b48000,0x00000000d6b80000)
  to   space 1024K, 0% used [0x00000000d6980000,0x00000000d6980000,0x00000000d6a80000)
 ParOldGen       total 68608K, used 34231K [0x0000000080000000, 0x0000000084300000, 0x00000000d5580000)
  object space 68608K, 49% used [0x0000000080000000,0x000000008216ddb8,0x0000000084300000)
 Metaspace       used 45209K, committed 46336K, reserved 1114112K
  class space    used 4483K, committed 4992K, reserved 1048576K
}
Event: 22.757 GC heap after
{Heap after GC invocations=27 (full 2):
 PSYoungGen      total 19968K, used 992K [0x00000000d5580000, 0x00000000d7100000, 0x0000000100000000)
  eden space 18944K, 0% used [0x00000000d5580000,0x00000000d5580000,0x00000000d6800000)
  from space 1024K, 96% used [0x00000000d6980000,0x00000000d6a78020,0x00000000d6a80000)
  to   space 4608K, 0% used [0x00000000d6c80000,0x00000000d6c80000,0x00000000d7100000)
 ParOldGen       total 68608K, used 37102K [0x0000000080000000, 0x0000000084300000, 0x00000000d5580000)
  object space 68608K, 54% used [0x0000000080000000,0x000000008243bac0,0x0000000084300000)
 Metaspace       used 45209K, committed 46336K, reserved 1114112K
  class space    used 4483K, committed 4992K, reserved 1048576K
}
Event: 24.218 GC heap before
{Heap before GC invocations=28 (full 2):
 PSYoungGen      total 19968K, used 19936K [0x00000000d5580000, 0x00000000d7100000, 0x0000000100000000)
  eden space 18944K, 100% used [0x00000000d5580000,0x00000000d6800000,0x00000000d6800000)
  from space 1024K, 96% used [0x00000000d6980000,0x00000000d6a78020,0x00000000d6a80000)
  to   space 4608K, 0% used [0x00000000d6c80000,0x00000000d6c80000,0x00000000d7100000)
 ParOldGen       total 68608K, used 37102K [0x0000000080000000, 0x0000000084300000, 0x00000000d5580000)
  object space 68608K, 54% used [0x0000000080000000,0x000000008243bac0,0x0000000084300000)
 Metaspace       used 46159K, committed 47296K, reserved 1114112K
  class space    used 4523K, committed 5056K, reserved 1048576K
}
Event: 24.230 GC heap after
{Heap after GC invocations=28 (full 2):
 PSYoungGen      total 18944K, used 4596K [0x00000000d5580000, 0x00000000d7a00000, 0x0000000100000000)
  eden space 14336K, 0% used [0x00000000d5580000,0x00000000d5580000,0x00000000d6380000)
  from space 4608K, 99% used [0x00000000d6c80000,0x00000000d70fd0c0,0x00000000d7100000)
  to   space 9216K, 0% used [0x00000000d6380000,0x00000000d6380000,0x00000000d6c80000)
 ParOldGen       total 68608K, used 40711K [0x0000000080000000, 0x0000000084300000, 0x00000000d5580000)
  object space 68608K, 59% used [0x0000000080000000,0x00000000827c1c90,0x0000000084300000)
 Metaspace       used 46159K, committed 47296K, reserved 1114112K
  class space    used 4523K, committed 5056K, reserved 1048576K
}

