# JRE version: OpenJDK Runtime Environment Temurin-21.0.11+10 (21.0.11+10) (build 21.0.11+10-LTS)
# Java VM: OpenJDK 64-Bit Server VM Temurin-21.0.11+10 (21.0.11+10-LTS, mixed mode, sharing, tiered, compressed oops, compressed class ptrs, parallel gc, windows-amd64)
GC Precious Log:
 CardTable entry size: 512
 CPUs: 4 total, 4 available
 Memory: 3862M
 Large Page Support: Disabled
 NUMA Support: Disabled
 Compressed Oops: Enabled (32-bit)
 Alignments: Space 512K, Generation 512K, Heap 2M
 Heap Min Capacity: 100M
 Heap Initial Capacity: 100M
 Heap Max Capacity: 2G
 Pre-touch: Disabled
 Parallel Workers: 4
Heap:
 PSYoungGen      total 23040K, used 21029K [0x00000000d5580000, 0x00000000d6e80000, 0x0000000100000000)
  eden space 22016K, 91% used [0x00000000d5580000,0x00000000d6919c70,0x00000000d6b00000)
  from space 1024K, 93% used [0x00000000d6d80000,0x00000000d6e6f7a8,0x00000000d6e80000)
  to   space 1536K, 0% used [0x00000000d6b80000,0x00000000d6b80000,0x00000000d6d00000)
 ParOldGen       total 68608K, used 52456K [0x0000000080000000, 0x0000000084300000, 0x00000000d5580000)
  object space 68608K, 76% used [0x0000000080000000,0x000000008333a060,0x0000000084300000)
 Metaspace       used 72533K, committed 74112K, reserved 1179648K
  class space    used 7656K, committed 8320K, reserved 1048576K
GC Heap History (20 events):
Event: 31.045 GC heap before
{Heap before GC invocations=38 (full 3):
 PSYoungGen      total 23552K, used 23478K [0x00000000d5580000, 0x00000000d7080000, 0x0000000100000000)
  eden space 22016K, 100% used [0x00000000d5580000,0x00000000d6b00000,0x00000000d6b00000)
  from space 1536K, 95% used [0x00000000d6f00000,0x00000000d706d990,0x00000000d7080000)
  to   space 2048K, 0% used [0x00000000d6c80000,0x00000000d6c80000,0x00000000d6e80000)
 ParOldGen       total 68608K, used 45267K [0x0000000080000000, 0x0000000084300000, 0x00000000d5580000)
  object space 68608K, 65% used [0x0000000080000000,0x0000000082c34df8,0x0000000084300000)
 Metaspace       used 66689K, committed 68160K, reserved 1114112K
  class space    used 7127K, committed 7744K, reserved 1048576K
}
Event: 31.055 GC heap after
{Heap after GC invocations=38 (full 3):
 PSYoungGen      total 24064K, used 1637K [0x00000000d5580000, 0x00000000d6f80000, 0x0000000100000000)
  eden space 22016K, 0% used [0x00000000d5580000,0x00000000d5580000,0x00000000d6b00000)
  from space 2048K, 79% used [0x00000000d6c80000,0x00000000d6e195b0,0x00000000d6e80000)
  to   space 1024K, 0% used [0x00000000d6e80000,0x00000000d6e80000,0x00000000d6f80000)
 ParOldGen       total 68608K, used 46586K [0x0000000080000000, 0x0000000084300000, 0x00000000d5580000)
  object space 68608K, 67% used [0x0000000080000000,0x0000000082d7ebf0,0x0000000084300000)
 Metaspace       used 66689K, committed 68160K, reserved 1114112K
  class space    used 7127K, committed 7744K, reserved 1048576K
}
Event: 32.259 GC heap before
{Heap before GC invocations=39 (full 3):
 PSYoungGen      total 24064K, used 23653K [0x00000000d5580000, 0x00000000d6f80000, 0x0000000100000000)
  eden space 22016K, 100% used [0x00000000d5580000,0x00000000d6b00000,0x00000000d6b00000)
  from space 2048K, 79% used [0x00000000d6c80000,0x00000000d6e195b0,0x00000000d6e80000)
  to   space 1024K, 0% used [0x00000000d6e80000,0x00000000d6e80000,0x00000000d6f80000)
 ParOldGen       total 68608K, used 46586K [0x0000000080000000, 0x0000000084300000, 0x00000000d5580000)
  object space 68608K, 67% used [0x0000000080000000,0x0000000082d7ebf0,0x0000000084300000)
 Metaspace       used 67996K, committed 69504K, reserved 1114112K
  class space    used 7242K, committed 7872K, reserved 1048576K
}
Event: 32.264 GC heap after
{Heap after GC invocations=39 (full 3):
 PSYoungGen      total 23040K, used 992K [0x00000000d5580000, 0x00000000d7200000, 0x0000000100000000)
  eden space 22016K, 0% used [0x00000000d5580000,0x00000000d5580000,0x00000000d6b00000)
  from space 1024K, 96% used [0x00000000d6e80000,0x00000000d6f78308,0x00000000d6f80000)
  to   space 3584K, 0% used [0x00000000d6b00000,0x00000000d6b00000,0x00000000d6e80000)
 ParOldGen       total 68608K, used 48886K [0x0000000080000000, 0x0000000084300000, 0x00000000d5580000)
  object space 68608K, 71% used [0x0000000080000000,0x0000000082fbd8f0,0x0000000084300000)
 Metaspace       used 67996K, committed 69504K, reserved 1114112K
  class space    used 7242K, committed 7872K, reserved 1048576K
}
Event: 32.932 GC heap before
{Heap before GC invocations=40 (full 3):
 PSYoungGen      total 23040K, used 23008K [0x00000000d5580000, 0x00000000d7200000, 0x0000000100000000)
  eden space 22016K, 100% used [0x00000000d5580000,0x00000000d6b00000,0x00000000d6b00000)
  from space 1024K, 96% used [0x00000000d6e80000,0x00000000d6f78308,0x00000000d6f80000)
  to   space 3584K, 0% used [0x00000000d6b00000,0x00000000d6b00000,0x00000000d6e80000)
 ParOldGen       total 68608K, used 48886K [0x0000000080000000, 0x0000000084300000, 0x00000000d5580000)
  object space 68608K, 71% used [0x0000000080000000,0x0000000082fbd8f0,0x0000000084300000)
 Metaspace       used 69268K, committed 70784K, reserved 1114112K
  class space    used 7386K, committed 8000K, reserved 1048576K
}
Event: 32.936 GC heap after
{Heap after GC invocations=40 (full 3):
 PSYoungGen      total 23040K, used 569K [0x00000000d5580000, 0x00000000d6f00000, 0x0000000100000000)
  eden space 22016K, 0% used [0x00000000d5580000,0x00000000d5580000,0x00000000d6b00000)
  from space 1024K, 55% used [0x00000000d6b00000,0x00000000d6b8e4f8,0x00000000d6c00000)
  to   space 2048K, 0% used [0x00000000d6d00000,0x00000000d6d00000,0x00000000d6f00000)
 ParOldGen       total 68608K, used 49522K [0x0000000080000000, 0x0000000084300000, 0x00000000d5580000)
  object space 68608K, 72% used [0x0000000080000000,0x000000008305c818,0x0000000084300000)
 Metaspace       used 69268K, committed 70784K, reserved 1114112K
  class space    used 7386K, committed 8000K, reserved 1048576K
}
Event: 55.147 GC heap before
{Heap before GC invocations=41 (full 3):
 PSYoungGen      total 23040K, used 22585K [0x00000000d5580000, 0x00000000d6f00000, 0x0000000100000000)
  eden space 22016K, 100% used [0x00000000d5580000,0x00000000d6b00000,0x00000000d6b00000)
  from space 1024K, 55% used [0x00000000d6b00000,0x00000000d6b8e4f8,0x00000000d6c00000)
  to   space 2048K, 0% used [0x00000000d6d00000,0x00000000d6d00000,0x00000000d6f00000)
 ParOldGen       total 68608K, used 49522K [0x0000000080000000, 0x0000000084300000, 0x00000000d5580000)
  object space 68608K, 72% used [0x0000000080000000,0x000000008305c818,0x0000000084300000)
 Metaspace       used 69857K, committed 71424K, reserved 1114112K
  class space    used 7413K, committed 8064K, reserved 1048576K
}
Event: 55.186 GC heap after
{Heap after GC invocations=41 (full 3):
 PSYoungGen      total 23040K, used 881K [0x00000000d5580000, 0x00000000d6e00000, 0x0000000100000000)
  eden space 22016K, 0% used [0x00000000d5580000,0x00000000d5580000,0x00000000d6b00000)
  from space 1024K, 86% used [0x00000000d6d00000,0x00000000d6ddc608,0x00000000d6e00000)
  to   space 1024K, 0% used [0x00000000d6b00000,0x00000000d6b00000,0x00000000d6c00000)
 ParOldGen       total 68608K, used 49834K [0x0000000080000000, 0x0000000084300000, 0x00000000d5580000)
  object space 68608K, 72% used [0x0000000080000000,0x00000000830aa818,0x0000000084300000)
 Metaspace       used 69857K, committed 71424K, reserved 1114112K
  class space    used 7413K, committed 8064K, reserved 1048576K
}
Event: 106.451 GC heap before
{Heap before GC invocations=42 (full 3):
 PSYoungGen      total 23040K, used 22897K [0x00000000d5580000, 0x00000000d6e00000, 0x0000000100000000)
  eden space 22016K, 100% used [0x00000000d5580000,0x00000000d6b00000,0x00000000d6b00000)
  from space 1024K, 86% used [0x00000000d6d00000,0x00000000d6ddc608,0x00000000d6e00000)
  to   space 1024K, 0% used [0x00000000d6b00000,0x00000000d6b00000,0x00000000d6c00000)
 ParOldGen       total 68608K, used 49834K [0x0000000080000000, 0x0000000084300000, 0x00000000d5580000)
  object space 68608K, 72% used [0x0000000080000000,0x00000000830aa818,0x0000000084300000)
 Metaspace       used 69984K, committed 71488K, reserved 1114112K
  class space    used 7415K, committed 8064K, reserved 1048576K
}
Event: 107.413 GC heap after
{Heap after GC invocations=42 (full 3):
 PSYoungGen      total 23040K, used 256K [0x00000000d5580000, 0x00000000d6d80000, 0x0000000100000000)
  eden space 22016K, 0% used [0x00000000d5580000,0x00000000d5580000,0x00000000d6b00000)
  from space 1024K, 25% used [0x00000000d6b00000,0x00000000d6b40000,0x00000000d6c00000)
  to   space 512K, 0% used [0x00000000d6d00000,0x00000000d6d00000,0x00000000d6d80000)
 ParOldGen       total 68608K, used 50520K [0x0000000080000000, 0x0000000084300000, 0x00000000d5580000)
  object space 68608K, 73% used [0x0000000080000000,0x00000000831560b8,0x0000000084300000)
 Metaspace       used 69984K, committed 71488K, reserved 1114112K
  class space    used 7415K, committed 8064K, reserved 1048576K
}
Event: 114.307 GC heap before
{Heap before GC invocations=43 (full 3):
 PSYoungGen      total 23040K, used 22272K [0x00000000d5580000, 0x00000000d6d80000, 0x0000000100000000)
  eden space 22016K, 100% used [0x00000000d5580000,0x00000000d6b00000,0x00000000d6b00000)
  from space 1024K, 25% used [0x00000000d6b00000,0x00000000d6b40000,0x00000000d6c00000)
  to   space 512K, 0% used [0x00000000d6d00000,0x00000000d6d00000,0x00000000d6d80000)
 ParOldGen       total 68608K, used 50520K [0x0000000080000000, 0x0000000084300000, 0x00000000d5580000)
  object space 68608K, 73% used [0x0000000080000000,0x00000000831560b8,0x0000000084300000)
 Metaspace       used 70118K, committed 71616K, reserved 1114112K
  class space    used 7420K, committed 8064K, reserved 1048576K
}
Event: 114.310 GC heap after
{Heap after GC invocations=43 (full 3):
 PSYoungGen      total 22528K, used 256K [0x00000000d5580000, 0x00000000d6d80000, 0x0000000100000000)
  eden space 22016K, 0% used [0x00000000d5580000,0x00000000d5580000,0x00000000d6b00000)
  from space 512K, 50% used [0x00000000d6d00000,0x00000000d6d40000,0x00000000d6d80000)
  to   space 512K, 0% used [0x00000000d6c80000,0x00000000d6c80000,0x00000000d6d00000)
 ParOldGen       total 68608K, used 50568K [0x0000000080000000, 0x0000000084300000, 0x00000000d5580000)
  object space 68608K, 73% used [0x0000000080000000,0x00000000831620b8,0x0000000084300000)
 Metaspace       used 70118K, committed 71616K, reserved 1114112K
  class space    used 7420K, committed 8064K, reserved 1048576K
}
Event: 117.070 GC heap before
{Heap before GC invocations=44 (full 3):
 PSYoungGen      total 22528K, used 22272K [0x00000000d5580000, 0x00000000d6d80000, 0x0000000100000000)
  eden space 22016K, 100% used [0x00000000d5580000,0x00000000d6b00000,0x00000000d6b00000)
  from space 512K, 50% used [0x00000000d6d00000,0x00000000d6d40000,0x00000000d6d80000)
  to   space 512K, 0% used [0x00000000d6c80000,0x00000000d6c80000,0x00000000d6d00000)
 ParOldGen       total 68608K, used 50568K [0x0000000080000000, 0x0000000084300000, 0x00000000d5580000)
  object space 68608K, 73% used [0x0000000080000000,0x00000000831620b8,0x0000000084300000)
 Metaspace       used 70176K, committed 71680K, reserved 1114112K
  class space    used 7420K, committed 8064K, reserved 1048576K
}
Event: 117.082 GC heap after
{Heap after GC invocations=44 (full 3):
 PSYoungGen      total 22528K, used 256K [0x00000000d5580000, 0x00000000d6d80000, 0x0000000100000000)
  eden space 22016K, 0% used [0x00000000d5580000,0x00000000d5580000,0x00000000d6b00000)
  from space 512K, 50% used [0x00000000d6c80000,0x00000000d6cc0000,0x00000000d6d00000)
  to   space 512K, 0% used [0x00000000d6d00000,0x00000000d6d00000,0x00000000d6d80000)
 ParOldGen       total 68608K, used 50608K [0x0000000080000000, 0x0000000084300000, 0x00000000d5580000)
  object space 68608K, 73% used [0x0000000080000000,0x000000008316c0b8,0x0000000084300000)
 Metaspace       used 70176K, committed 71680K, reserved 1114112K
  class space    used 7420K, committed 8064K, reserved 1048576K
}
Event: 640.322 GC heap before
{Heap before GC invocations=45 (full 3):
 PSYoungGen      total 22528K, used 22243K [0x00000000d5580000, 0x00000000d6d80000, 0x0000000100000000)
  eden space 22016K, 99% used [0x00000000d5580000,0x00000000d6af8d98,0x00000000d6b00000)
  from space 512K, 50% used [0x00000000d6c80000,0x00000000d6cc0000,0x00000000d6d00000)
  to   space 512K, 0% used [0x00000000d6d00000,0x00000000d6d00000,0x00000000d6d80000)
 ParOldGen       total 68608K, used 50608K [0x0000000080000000, 0x0000000084300000, 0x00000000d5580000)
  object space 68608K, 73% used [0x0000000080000000,0x000000008316c0b8,0x0000000084300000)
 Metaspace       used 70240K, committed 71744K, reserved 1114112K
  class space    used 7424K, committed 8064K, reserved 1048576K
}
Event: 640.367 GC heap after
{Heap after GC invocations=45 (full 3):
 PSYoungGen      total 22528K, used 221K [0x00000000d5580000, 0x00000000d6d80000, 0x0000000100000000)
  eden space 22016K, 0% used [0x00000000d5580000,0x00000000d5580000,0x00000000d6b00000)
  from space 512K, 43% used [0x00000000d6d00000,0x00000000d6d37548,0x00000000d6d80000)
  to   space 512K, 0% used [0x00000000d6c80000,0x00000000d6c80000,0x00000000d6d00000)
 ParOldGen       total 68608K, used 50648K [0x0000000080000000, 0x0000000084300000, 0x00000000d5580000)
  object space 68608K, 73% used [0x0000000080000000,0x00000000831760b8,0x0000000084300000)
 Metaspace       used 70240K, committed 71744K, reserved 1114112K
  class space    used 7424K, committed 8064K, reserved 1048576K
}
Event: 704.939 GC heap before
{Heap before GC invocations=46 (full 3):
 PSYoungGen      total 22528K, used 22237K [0x00000000d5580000, 0x00000000d6d80000, 0x0000000100000000)
  eden space 22016K, 100% used [0x00000000d5580000,0x00000000d6b00000,0x00000000d6b00000)
  from space 512K, 43% used [0x00000000d6d00000,0x00000000d6d37548,0x00000000d6d80000)
  to   space 512K, 0% used [0x00000000d6c80000,0x00000000d6c80000,0x00000000d6d00000)
 ParOldGen       total 68608K, used 50648K [0x0000000080000000, 0x0000000084300000, 0x00000000d5580000)
  object space 68608K, 73% used [0x0000000080000000,0x00000000831760b8,0x0000000084300000)
 Metaspace       used 71192K, committed 72768K, reserved 1114112K
  class space    used 7546K, committed 8192K, reserved 1048576K
}
Event: 705.018 GC heap after
{Heap after GC invocations=46 (full 3):
 PSYoungGen      total 22528K, used 498K [0x00000000d5580000, 0x00000000d7000000, 0x0000000100000000)
  eden space 22016K, 0% used [0x00000000d5580000,0x00000000d5580000,0x00000000d6b00000)
  from space 512K, 97% used [0x00000000d6c80000,0x00000000d6cfca68,0x00000000d6d00000)
  to   space 2560K, 0% used [0x00000000d6d80000,0x00000000d6d80000,0x00000000d7000000)
 ParOldGen       total 68608K, used 52312K [0x0000000080000000, 0x0000000084300000, 0x00000000d5580000)
  object space 68608K, 76% used [0x0000000080000000,0x0000000083316050,0x0000000084300000)
 Metaspace       used 71192K, committed 72768K, reserved 1114112K
  class space    used 7546K, committed 8192K, reserved 1048576K
}
Event: 709.355 GC heap before
{Heap before GC invocations=47 (full 3):
 PSYoungGen      total 22528K, used 22514K [0x00000000d5580000, 0x00000000d7000000, 0x0000000100000000)
  eden space 22016K, 100% used [0x00000000d5580000,0x00000000d6b00000,0x00000000d6b00000)
  from space 512K, 97% used [0x00000000d6c80000,0x00000000d6cfca68,0x00000000d6d00000)
  to   space 2560K, 0% used [0x00000000d6d80000,0x00000000d6d80000,0x00000000d7000000)
 ParOldGen       total 68608K, used 52312K [0x0000000080000000, 0x0000000084300000, 0x00000000d5580000)
  object space 68608K, 76% used [0x0000000080000000,0x0000000083316050,0x0000000084300000)
 Metaspace       used 72338K, committed 73920K, reserved 1179648K
  class space    used 7649K, committed 8320K, reserved 1048576K
}
Event: 709.361 GC heap after
{Heap after GC invocations=47 (full 3):
 PSYoungGen      total 23040K, used 957K [0x00000000d5580000, 0x00000000d6e80000, 0x0000000100000000)
  eden space 22016K, 0% used [0x00000000d5580000,0x00000000d5580000,0x00000000d6b00000)
  from space 1024K, 93% used [0x00000000d6d80000,0x00000000d6e6f7a8,0x00000000d6e80000)
  to   space 1536K, 0% used [0x00000000d6b80000,0x00000000d6b80000,0x00000000d6d00000)
 ParOldGen       total 68608K, used 52456K [0x0000000080000000, 0x0000000084300000, 0x00000000d5580000)
  object space 68608K, 76% used [0x0000000080000000,0x000000008333a060,0x0000000084300000)
 Metaspace       used 72338K, committed 73920K, reserved 1179648K
  class space    used 7649K, committed 8320K, reserved 1048576K
}

