# JRE version: OpenJDK Runtime Environment Temurin-21.0.10+7 (21.0.10+7) (build 21.0.10+7-LTS)
# Java VM: OpenJDK 64-Bit Server VM Temurin-21.0.10+7 (21.0.10+7-LTS, mixed mode, sharing, tiered, compressed oops, compressed class ptrs, parallel gc, windows-amd64)
GC Precious Log:
 CardTable entry size: 512
 CPUs: 4 total, 4 available
 Memory: 3862M
 Large Page Support: Disabled
 NUMA Support: Disabled
 Compressed Oops: Enabled (32-bit)
 Alignments: Space 512K, Generation 512K, Heap 2M
 Heap Min Capacity: 100M
 Heap Initial Capacity: 100M
 Heap Max Capacity: 2G
 Pre-touch: Disabled
 Parallel Workers: 4
Heap:
 PSYoungGen      total 20992K, used 3351K [0x00000000d5580000, 0x00000000d6e80000, 0x0000000100000000)
  eden space 18432K, 17% used [0x00000000d5580000,0x00000000d58a5c78,0x00000000d6780000)
  from space 2560K, 5% used [0x00000000d6b00000,0x00000000d6b20000,0x00000000d6d80000)
  to   space 1024K, 0% used [0x00000000d6d80000,0x00000000d6d80000,0x00000000d6e80000)
 ParOldGen       total 68608K, used 59761K [0x0000000080000000, 0x0000000084300000, 0x00000000d5580000)
  object space 68608K, 87% used [0x0000000080000000,0x0000000083a5c748,0x0000000084300000)
 Metaspace       used 67977K, committed 69568K, reserved 1114112K
  class space    used 7094K, committed 7744K, reserved 1048576K
GC Heap History (20 events):
Event: 36.180 GC heap before
{Heap before GC invocations=43 (full 3):
 PSYoungGen      total 19968K, used 19007K [0x00000000d5580000, 0x00000000d6b80000, 0x0000000100000000)
  eden space 18432K, 100% used [0x00000000d5580000,0x00000000d6780000,0x00000000d6780000)
  from space 1536K, 37% used [0x00000000d6900000,0x00000000d698fc18,0x00000000d6a80000)
  to   space 1024K, 0% used [0x00000000d6a80000,0x00000000d6a80000,0x00000000d6b80000)
 ParOldGen       total 68608K, used 47326K [0x0000000080000000, 0x0000000084300000, 0x00000000d5580000)
  object space 68608K, 68% used [0x0000000080000000,0x0000000082e37968,0x0000000084300000)
 Metaspace       used 64014K, committed 65472K, reserved 1114112K
  class space    used 6760K, committed 7360K, reserved 1048576K
}
Event: 36.186 GC heap after
{Heap after GC invocations=43 (full 3):
 PSYoungGen      total 19456K, used 512K [0x00000000d5580000, 0x00000000d6b80000, 0x0000000100000000)
  eden space 18432K, 0% used [0x00000000d5580000,0x00000000d5580000,0x00000000d6780000)
  from space 1024K, 50% used [0x00000000d6a80000,0x00000000d6b00020,0x00000000d6b80000)
  to   space 1024K, 0% used [0x00000000d6980000,0x00000000d6980000,0x00000000d6a80000)
 ParOldGen       total 68608K, used 47750K [0x0000000080000000, 0x0000000084300000, 0x00000000d5580000)
  object space 68608K, 69% used [0x0000000080000000,0x0000000082ea19e0,0x0000000084300000)
 Metaspace       used 64014K, committed 65472K, reserved 1114112K
  class space    used 6760K, committed 7360K, reserved 1048576K
}
Event: 41.824 GC heap before
{Heap before GC invocations=44 (full 3):
 PSYoungGen      total 19456K, used 18944K [0x00000000d5580000, 0x00000000d6b80000, 0x0000000100000000)
  eden space 18432K, 100% used [0x00000000d5580000,0x00000000d6780000,0x00000000d6780000)
  from space 1024K, 50% used [0x00000000d6a80000,0x00000000d6b00020,0x00000000d6b80000)
  to   space 1024K, 0% used [0x00000000d6980000,0x00000000d6980000,0x00000000d6a80000)
 ParOldGen       total 68608K, used 47750K [0x0000000080000000, 0x0000000084300000, 0x00000000d5580000)
  object space 68608K, 69% used [0x0000000080000000,0x0000000082ea19e0,0x0000000084300000)
 Metaspace       used 65109K, committed 66624K, reserved 1114112K
  class space    used 6864K, committed 7488K, reserved 1048576K
}
Event: 41.844 GC heap after
{Heap after GC invocations=44 (full 3):
 PSYoungGen      total 19456K, used 818K [0x00000000d5580000, 0x00000000d6b00000, 0x0000000100000000)
  eden space 18432K, 0% used [0x00000000d5580000,0x00000000d5580000,0x00000000d6780000)
  from space 1024K, 79% used [0x00000000d6980000,0x00000000d6a4cbb0,0x00000000d6a80000)
  to   space 512K, 0% used [0x00000000d6a80000,0x00000000d6a80000,0x00000000d6b00000)
 ParOldGen       total 68608K, used 48148K [0x0000000080000000, 0x0000000084300000, 0x00000000d5580000)
  object space 68608K, 70% used [0x0000000080000000,0x0000000082f05070,0x0000000084300000)
 Metaspace       used 65109K, committed 66624K, reserved 1114112K
  class space    used 6864K, committed 7488K, reserved 1048576K
}
Event: 42.559 GC heap before
{Heap before GC invocations=45 (full 3):
 PSYoungGen      total 19456K, used 19250K [0x00000000d5580000, 0x00000000d6b00000, 0x0000000100000000)
  eden space 18432K, 100% used [0x00000000d5580000,0x00000000d6780000,0x00000000d6780000)
  from space 1024K, 79% used [0x00000000d6980000,0x00000000d6a4cbb0,0x00000000d6a80000)
  to   space 512K, 0% used [0x00000000d6a80000,0x00000000d6a80000,0x00000000d6b00000)
 ParOldGen       total 68608K, used 48148K [0x0000000080000000, 0x0000000084300000, 0x00000000d5580000)
  object space 68608K, 70% used [0x0000000080000000,0x0000000082f05070,0x0000000084300000)
 Metaspace       used 65227K, committed 66752K, reserved 1114112K
  class space    used 6865K, committed 7488K, reserved 1048576K
}
Event: 42.561 GC heap after
{Heap after GC invocations=45 (full 3):
 PSYoungGen      total 18944K, used 224K [0x00000000d5580000, 0x00000000d6b00000, 0x0000000100000000)
  eden space 18432K, 0% used [0x00000000d5580000,0x00000000d5580000,0x00000000d6780000)
  from space 512K, 43% used [0x00000000d6a80000,0x00000000d6ab8000,0x00000000d6b00000)
  to   space 512K, 0% used [0x00000000d6a00000,0x00000000d6a00000,0x00000000d6a80000)
 ParOldGen       total 68608K, used 48893K [0x0000000080000000, 0x0000000084300000, 0x00000000d5580000)
  object space 68608K, 71% used [0x0000000080000000,0x0000000082fbf670,0x0000000084300000)
 Metaspace       used 65227K, committed 66752K, reserved 1114112K
  class space    used 6865K, committed 7488K, reserved 1048576K
}
Event: 43.915 GC heap before
{Heap before GC invocations=46 (full 3):
 PSYoungGen      total 18944K, used 18656K [0x00000000d5580000, 0x00000000d6b00000, 0x0000000100000000)
  eden space 18432K, 100% used [0x00000000d5580000,0x00000000d6780000,0x00000000d6780000)
  from space 512K, 43% used [0x00000000d6a80000,0x00000000d6ab8000,0x00000000d6b00000)
  to   space 512K, 0% used [0x00000000d6a00000,0x00000000d6a00000,0x00000000d6a80000)
 ParOldGen       total 68608K, used 48893K [0x0000000080000000, 0x0000000084300000, 0x00000000d5580000)
  object space 68608K, 71% used [0x0000000080000000,0x0000000082fbf670,0x0000000084300000)
 Metaspace       used 65332K, committed 66816K, reserved 1114112K
  class space    used 6865K, committed 7488K, reserved 1048576K
}
Event: 43.917 GC heap after
{Heap after GC invocations=46 (full 3):
 PSYoungGen      total 18944K, used 192K [0x00000000d5580000, 0x00000000d6b00000, 0x0000000100000000)
  eden space 18432K, 0% used [0x00000000d5580000,0x00000000d5580000,0x00000000d6780000)
  from space 512K, 37% used [0x00000000d6a00000,0x00000000d6a30000,0x00000000d6a80000)
  to   space 512K, 0% used [0x00000000d6a80000,0x00000000d6a80000,0x00000000d6b00000)
 ParOldGen       total 68608K, used 48933K [0x0000000080000000, 0x0000000084300000, 0x00000000d5580000)
  object space 68608K, 71% used [0x0000000080000000,0x0000000082fc9670,0x0000000084300000)
 Metaspace       used 65332K, committed 66816K, reserved 1114112K
  class space    used 6865K, committed 7488K, reserved 1048576K
}
Event: 45.916 GC heap before
{Heap before GC invocations=47 (full 3):
 PSYoungGen      total 18944K, used 18624K [0x00000000d5580000, 0x00000000d6b00000, 0x0000000100000000)
  eden space 18432K, 100% used [0x00000000d5580000,0x00000000d6780000,0x00000000d6780000)
  from space 512K, 37% used [0x00000000d6a00000,0x00000000d6a30000,0x00000000d6a80000)
  to   space 512K, 0% used [0x00000000d6a80000,0x00000000d6a80000,0x00000000d6b00000)
 ParOldGen       total 68608K, used 48933K [0x0000000080000000, 0x0000000084300000, 0x00000000d5580000)
  object space 68608K, 71% used [0x0000000080000000,0x0000000082fc9670,0x0000000084300000)
 Metaspace       used 65701K, committed 67136K, reserved 1114112K
  class space    used 6884K, committed 7488K, reserved 1048576K
}
Event: 45.919 GC heap after
{Heap after GC invocations=47 (full 3):
 PSYoungGen      total 18944K, used 502K [0x00000000d5580000, 0x00000000d6b00000, 0x0000000100000000)
  eden space 18432K, 0% used [0x00000000d5580000,0x00000000d5580000,0x00000000d6780000)
  from space 512K, 98% used [0x00000000d6a80000,0x00000000d6afd898,0x00000000d6b00000)
  to   space 1536K, 0% used [0x00000000d6800000,0x00000000d6800000,0x00000000d6980000)
 ParOldGen       total 68608K, used 49531K [0x0000000080000000, 0x0000000084300000, 0x00000000d5580000)
  object space 68608K, 72% used [0x0000000080000000,0x000000008305efa0,0x0000000084300000)
 Metaspace       used 65701K, committed 67136K, reserved 1114112K
  class space    used 6884K, committed 7488K, reserved 1048576K
}
Event: 50.480 GC heap before
{Heap before GC invocations=48 (full 3):
 PSYoungGen      total 18944K, used 18769K [0x00000000d5580000, 0x00000000d6b00000, 0x0000000100000000)
  eden space 18432K, 99% used [0x00000000d5580000,0x00000000d6756d10,0x00000000d6780000)
  from space 512K, 98% used [0x00000000d6a80000,0x00000000d6afd898,0x00000000d6b00000)
  to   space 1536K, 0% used [0x00000000d6800000,0x00000000d6800000,0x00000000d6980000)
 ParOldGen       total 68608K, used 49531K [0x0000000080000000, 0x0000000084300000, 0x00000000d5580000)
  object space 68608K, 72% used [0x0000000080000000,0x000000008305efa0,0x0000000084300000)
 Metaspace       used 65893K, committed 67328K, reserved 1114112K
  class space    used 6896K, committed 7488K, reserved 1048576K
}
Event: 50.491 GC heap after
{Heap after GC invocations=48 (full 3):
 PSYoungGen      total 19968K, used 1530K [0x00000000d5580000, 0x00000000d7780000, 0x0000000100000000)
  eden space 18432K, 0% used [0x00000000d5580000,0x00000000d5580000,0x00000000d6780000)
  from space 1536K, 99% used [0x00000000d6800000,0x00000000d697e8a0,0x00000000d6980000)
  to   space 8192K, 0% used [0x00000000d6f80000,0x00000000d6f80000,0x00000000d7780000)
 ParOldGen       total 68608K, used 54981K [0x0000000080000000, 0x0000000084300000, 0x00000000d5580000)
  object space 68608K, 80% used [0x0000000080000000,0x00000000835b14b8,0x0000000084300000)
 Metaspace       used 65893K, committed 67328K, reserved 1114112K
  class space    used 6896K, committed 7488K, reserved 1048576K
}
Event: 52.405 GC heap before
{Heap before GC invocations=49 (full 3):
 PSYoungGen      total 19968K, used 19962K [0x00000000d5580000, 0x00000000d7780000, 0x0000000100000000)
  eden space 18432K, 100% used [0x00000000d5580000,0x00000000d6780000,0x00000000d6780000)
  from space 1536K, 99% used [0x00000000d6800000,0x00000000d697e8a0,0x00000000d6980000)
  to   space 8192K, 0% used [0x00000000d6f80000,0x00000000d6f80000,0x00000000d7780000)
 ParOldGen       total 68608K, used 54981K [0x0000000080000000, 0x0000000084300000, 0x00000000d5580000)
  object space 68608K, 80% used [0x0000000080000000,0x00000000835b14b8,0x0000000084300000)
 Metaspace       used 66017K, committed 67520K, reserved 1114112K
  class space    used 6897K, committed 7552K, reserved 1048576K
}
Event: 52.411 GC heap after
{Heap after GC invocations=49 (full 3):
 PSYoungGen      total 22528K, used 4080K [0x00000000d5580000, 0x00000000d7380000, 0x0000000100000000)
  eden space 18432K, 0% used [0x00000000d5580000,0x00000000d5580000,0x00000000d6780000)
  from space 4096K, 99% used [0x00000000d6f80000,0x00000000d737c220,0x00000000d7380000)
  to   space 5120K, 0% used [0x00000000d6980000,0x00000000d6980000,0x00000000d6e80000)
 ParOldGen       total 68608K, used 55533K [0x0000000080000000, 0x0000000084300000, 0x00000000d5580000)
  object space 68608K, 80% used [0x0000000080000000,0x000000008363b4d8,0x0000000084300000)
 Metaspace       used 66017K, committed 67520K, reserved 1114112K
  class space    used 6897K, committed 7552K, reserved 1048576K
}
Event: 60.853 GC heap before
{Heap before GC invocations=50 (full 3):
 PSYoungGen      total 22528K, used 22512K [0x00000000d5580000, 0x00000000d7380000, 0x0000000100000000)
  eden space 18432K, 100% used [0x00000000d5580000,0x00000000d6780000,0x00000000d6780000)
  from space 4096K, 99% used [0x00000000d6f80000,0x00000000d737c220,0x00000000d7380000)
  to   space 5120K, 0% used [0x00000000d6980000,0x00000000d6980000,0x00000000d6e80000)
 ParOldGen       total 68608K, used 55533K [0x0000000080000000, 0x0000000084300000, 0x00000000d5580000)
  object space 68608K, 80% used [0x0000000080000000,0x000000008363b4d8,0x0000000084300000)
 Metaspace       used 66661K, committed 68160K, reserved 1114112K
  class space    used 6973K, committed 7616K, reserved 1048576K
}
Event: 60.863 GC heap after
{Heap after GC invocations=50 (full 3):
 PSYoungGen      total 18944K, used 384K [0x00000000d5580000, 0x00000000d7000000, 0x0000000100000000)
  eden space 18432K, 0% used [0x00000000d5580000,0x00000000d5580000,0x00000000d6780000)
  from space 512K, 75% used [0x00000000d6980000,0x00000000d69e0000,0x00000000d6a00000)
  to   space 2048K, 0% used [0x00000000d6e00000,0x00000000d6e00000,0x00000000d7000000)
 ParOldGen       total 68608K, used 59421K [0x0000000080000000, 0x0000000084300000, 0x00000000d5580000)
  object space 68608K, 86% used [0x0000000080000000,0x0000000083a076f8,0x0000000084300000)
 Metaspace       used 66661K, committed 68160K, reserved 1114112K
  class space    used 6973K, committed 7616K, reserved 1048576K
}
Event: 65.869 GC heap before
{Heap before GC invocations=51 (full 3):
 PSYoungGen      total 18944K, used 18816K [0x00000000d5580000, 0x00000000d7000000, 0x0000000100000000)
  eden space 18432K, 100% used [0x00000000d5580000,0x00000000d6780000,0x00000000d6780000)
  from space 512K, 75% used [0x00000000d6980000,0x00000000d69e0000,0x00000000d6a00000)
  to   space 2048K, 0% used [0x00000000d6e00000,0x00000000d6e00000,0x00000000d7000000)
 ParOldGen       total 68608K, used 59421K [0x0000000080000000, 0x0000000084300000, 0x00000000d5580000)
  object space 68608K, 86% used [0x0000000080000000,0x0000000083a076f8,0x0000000084300000)
 Metaspace       used 67674K, committed 69312K, reserved 1114112K
  class space    used 7081K, committed 7744K, reserved 1048576K
}
Event: 65.874 GC heap after
{Heap after GC invocations=51 (full 3):
 PSYoungGen      total 20480K, used 1868K [0x00000000d5580000, 0x00000000d7000000, 0x0000000100000000)
  eden space 18432K, 0% used [0x00000000d5580000,0x00000000d5580000,0x00000000d6780000)
  from space 2048K, 91% used [0x00000000d6e00000,0x00000000d6fd30a0,0x00000000d7000000)
  to   space 2560K, 0% used [0x00000000d6b00000,0x00000000d6b00000,0x00000000d6d80000)
 ParOldGen       total 68608K, used 59501K [0x0000000080000000, 0x0000000084300000, 0x00000000d5580000)
  object space 68608K, 86% used [0x0000000080000000,0x0000000083a1b6f8,0x0000000084300000)
 Metaspace       used 67674K, committed 69312K, reserved 1114112K
  class space    used 7081K, committed 7744K, reserved 1048576K
}
Event: 95.533 GC heap before
{Heap before GC invocations=52 (full 3):
 PSYoungGen      total 20480K, used 20300K [0x00000000d5580000, 0x00000000d7000000, 0x0000000100000000)
  eden space 18432K, 100% used [0x00000000d5580000,0x00000000d6780000,0x00000000d6780000)
  from space 2048K, 91% used [0x00000000d6e00000,0x00000000d6fd30a0,0x00000000d7000000)
  to   space 2560K, 0% used [0x00000000d6b00000,0x00000000d6b00000,0x00000000d6d80000)
 ParOldGen       total 68608K, used 59501K [0x0000000080000000, 0x0000000084300000, 0x00000000d5580000)
  object space 68608K, 86% used [0x0000000080000000,0x0000000083a1b6f8,0x0000000084300000)
 Metaspace       used 67905K, committed 69504K, reserved 1114112K
  class space    used 7092K, committed 7744K, reserved 1048576K
}
Event: 95.537 GC heap after
{Heap after GC invocations=52 (full 3):
 PSYoungGen      total 20992K, used 128K [0x00000000d5580000, 0x00000000d6e80000, 0x0000000100000000)
  eden space 18432K, 0% used [0x00000000d5580000,0x00000000d5580000,0x00000000d6780000)
  from space 2560K, 5% used [0x00000000d6b00000,0x00000000d6b20000,0x00000000d6d80000)
  to   space 1024K, 0% used [0x00000000d6d80000,0x00000000d6d80000,0x00000000d6e80000)
 ParOldGen       total 68608K, used 59761K [0x0000000080000000, 0x0000000084300000, 0x00000000d5580000)
  object space 68608K, 87% used [0x0000000080000000,0x0000000083a5c748,0x0000000084300000)
 Metaspace       used 67905K, committed 69504K, reserved 1114112K
  class space    used 7092K, committed 7744K, reserved 1048576K
}

