# JRE version: OpenJDK Runtime Environment Temurin-21.0.10+7 (21.0.10+7) (build 21.0.10+7-LTS)
# Java VM: OpenJDK 64-Bit Server VM Temurin-21.0.10+7 (21.0.10+7-LTS, mixed mode, sharing, tiered, compressed oops, compressed class ptrs, parallel gc, windows-amd64)
GC Precious Log:
 CardTable entry size: 512
 CPUs: 4 total, 4 available
 Memory: 3862M
 Large Page Support: Disabled
 NUMA Support: Disabled
 Compressed Oops: Enabled (32-bit)
 Alignments: Space 512K, Generation 512K, Heap 2M
 Heap Min Capacity: 100M
 Heap Initial Capacity: 100M
 Heap Max Capacity: 2G
 Pre-touch: Disabled
 Parallel Workers: 4
Heap:
 PSYoungGen      total 16384K, used 4452K [0x00000000d5580000, 0x00000000d6900000, 0x0000000100000000)
  eden space 15872K, 27% used [0x00000000d5580000,0x00000000d59b13c8,0x00000000d6500000)
  from space 512K, 31% used [0x00000000d6880000,0x00000000d68a8000,0x00000000d6900000)
  to   space 512K, 0% used [0x00000000d6800000,0x00000000d6800000,0x00000000d6880000)
 ParOldGen       total 68608K, used 54270K [0x0000000080000000, 0x0000000084300000, 0x00000000d5580000)
  object space 68608K, 79% used [0x0000000080000000,0x00000000834ff8d8,0x0000000084300000)
 Metaspace       used 68124K, committed 69696K, reserved 1114112K
  class space    used 7135K, committed 7744K, reserved 1048576K
GC Heap History (20 events):
Event: 1214.146 GC heap before
{Heap before GC invocations=42 (full 3):
 PSYoungGen      total 17920K, used 17891K [0x00000000d5580000, 0x00000000d7100000, 0x0000000100000000)
  eden space 15872K, 100% used [0x00000000d5580000,0x00000000d6500000,0x00000000d6500000)
  from space 2048K, 98% used [0x00000000d6a00000,0x00000000d6bf8ee8,0x00000000d6c00000)
  to   space 5120K, 0% used [0x00000000d6500000,0x00000000d6500000,0x00000000d6a00000)
 ParOldGen       total 68608K, used 46182K [0x0000000080000000, 0x0000000084300000, 0x00000000d5580000)
  object space 68608K, 67% used [0x0000000080000000,0x0000000082d19a40,0x0000000084300000)
 Metaspace       used 62900K, committed 64256K, reserved 1114112K
  class space    used 6643K, committed 7232K, reserved 1048576K
}
Event: 1214.151 GC heap after
{Heap after GC invocations=42 (full 3):
 PSYoungGen      total 17408K, used 1216K [0x00000000d5580000, 0x00000000d6a80000, 0x0000000100000000)
  eden space 15872K, 0% used [0x00000000d5580000,0x00000000d5580000,0x00000000d6500000)
  from space 1536K, 79% used [0x00000000d6500000,0x00000000d6630020,0x00000000d6680000)
  to   space 2560K, 0% used [0x00000000d6800000,0x00000000d6800000,0x00000000d6a80000)
 ParOldGen       total 68608K, used 47891K [0x0000000080000000, 0x0000000084300000, 0x00000000d5580000)
  object space 68608K, 69% used [0x0000000080000000,0x0000000082ec4d60,0x0000000084300000)
 Metaspace       used 62900K, committed 64256K, reserved 1114112K
  class space    used 6643K, committed 7232K, reserved 1048576K
}
Event: 1215.039 GC heap before
{Heap before GC invocations=43 (full 3):
 PSYoungGen      total 17408K, used 17088K [0x00000000d5580000, 0x00000000d6a80000, 0x0000000100000000)
  eden space 15872K, 100% used [0x00000000d5580000,0x00000000d6500000,0x00000000d6500000)
  from space 1536K, 79% used [0x00000000d6500000,0x00000000d6630020,0x00000000d6680000)
  to   space 2560K, 0% used [0x00000000d6800000,0x00000000d6800000,0x00000000d6a80000)
 ParOldGen       total 68608K, used 47891K [0x0000000080000000, 0x0000000084300000, 0x00000000d5580000)
  object space 68608K, 69% used [0x0000000080000000,0x0000000082ec4d60,0x0000000084300000)
 Metaspace       used 64015K, committed 65472K, reserved 1114112K
  class space    used 6791K, committed 7424K, reserved 1048576K
}
Event: 1215.043 GC heap after
{Heap after GC invocations=43 (full 3):
 PSYoungGen      total 16896K, used 608K [0x00000000d5580000, 0x00000000d6900000, 0x0000000100000000)
  eden space 15872K, 0% used [0x00000000d5580000,0x00000000d5580000,0x00000000d6500000)
  from space 1024K, 59% used [0x00000000d6800000,0x00000000d6898020,0x00000000d6900000)
  to   space 1536K, 0% used [0x00000000d6600000,0x00000000d6600000,0x00000000d6780000)
 ParOldGen       total 68608K, used 49032K [0x0000000080000000, 0x0000000084300000, 0x00000000d5580000)
  object space 68608K, 71% used [0x0000000080000000,0x0000000082fe2148,0x0000000084300000)
 Metaspace       used 64015K, committed 65472K, reserved 1114112K
  class space    used 6791K, committed 7424K, reserved 1048576K
}
Event: 1215.429 GC heap before
{Heap before GC invocations=44 (full 3):
 PSYoungGen      total 16896K, used 16480K [0x00000000d5580000, 0x00000000d6900000, 0x0000000100000000)
  eden space 15872K, 100% used [0x00000000d5580000,0x00000000d6500000,0x00000000d6500000)
  from space 1024K, 59% used [0x00000000d6800000,0x00000000d6898020,0x00000000d6900000)
  to   space 1536K, 0% used [0x00000000d6600000,0x00000000d6600000,0x00000000d6780000)
 ParOldGen       total 68608K, used 49032K [0x0000000080000000, 0x0000000084300000, 0x00000000d5580000)
  object space 68608K, 71% used [0x0000000080000000,0x0000000082fe2148,0x0000000084300000)
 Metaspace       used 64412K, committed 65792K, reserved 1114112K
  class space    used 6815K, committed 7424K, reserved 1048576K
}
Event: 1215.432 GC heap after
{Heap after GC invocations=44 (full 3):
 PSYoungGen      total 17408K, used 1172K [0x00000000d5580000, 0x00000000d6880000, 0x0000000100000000)
  eden space 15872K, 0% used [0x00000000d5580000,0x00000000d5580000,0x00000000d6500000)
  from space 1536K, 76% used [0x00000000d6600000,0x00000000d6725040,0x00000000d6780000)
  to   space 1024K, 0% used [0x00000000d6780000,0x00000000d6780000,0x00000000d6880000)
 ParOldGen       total 68608K, used 49400K [0x0000000080000000, 0x0000000084300000, 0x00000000d5580000)
  object space 68608K, 72% used [0x0000000080000000,0x000000008303e168,0x0000000084300000)
 Metaspace       used 64412K, committed 65792K, reserved 1114112K
  class space    used 6815K, committed 7424K, reserved 1048576K
}
Event: 1216.069 GC heap before
{Heap before GC invocations=45 (full 3):
 PSYoungGen      total 17408K, used 17044K [0x00000000d5580000, 0x00000000d6880000, 0x0000000100000000)
  eden space 15872K, 100% used [0x00000000d5580000,0x00000000d6500000,0x00000000d6500000)
  from space 1536K, 76% used [0x00000000d6600000,0x00000000d6725040,0x00000000d6780000)
  to   space 1024K, 0% used [0x00000000d6780000,0x00000000d6780000,0x00000000d6880000)
 ParOldGen       total 68608K, used 49400K [0x0000000080000000, 0x0000000084300000, 0x00000000d5580000)
  object space 68608K, 72% used [0x0000000080000000,0x000000008303e168,0x0000000084300000)
 Metaspace       used 64859K, committed 66240K, reserved 1114112K
  class space    used 6834K, committed 7424K, reserved 1048576K
}
Event: 1216.072 GC heap after
{Heap after GC invocations=45 (full 3):
 PSYoungGen      total 16384K, used 464K [0x00000000d5580000, 0x00000000d6800000, 0x0000000100000000)
  eden space 15872K, 0% used [0x00000000d5580000,0x00000000d5580000,0x00000000d6500000)
  from space 512K, 90% used [0x00000000d6780000,0x00000000d67f4010,0x00000000d6800000)
  to   space 1024K, 0% used [0x00000000d6600000,0x00000000d6600000,0x00000000d6700000)
 ParOldGen       total 68608K, used 50347K [0x0000000080000000, 0x0000000084300000, 0x00000000d5580000)
  object space 68608K, 73% used [0x0000000080000000,0x000000008312afd0,0x0000000084300000)
 Metaspace       used 64859K, committed 66240K, reserved 1114112K
  class space    used 6834K, committed 7424K, reserved 1048576K
}
Event: 1252.306 GC heap before
{Heap before GC invocations=46 (full 3):
 PSYoungGen      total 16384K, used 16336K [0x00000000d5580000, 0x00000000d6800000, 0x0000000100000000)
  eden space 15872K, 100% used [0x00000000d5580000,0x00000000d6500000,0x00000000d6500000)
  from space 512K, 90% used [0x00000000d6780000,0x00000000d67f4010,0x00000000d6800000)
  to   space 1024K, 0% used [0x00000000d6600000,0x00000000d6600000,0x00000000d6700000)
 ParOldGen       total 68608K, used 50347K [0x0000000080000000, 0x0000000084300000, 0x00000000d5580000)
  object space 68608K, 73% used [0x0000000080000000,0x000000008312afd0,0x0000000084300000)
 Metaspace       used 65787K, committed 67264K, reserved 1114112K
  class space    used 6922K, committed 7552K, reserved 1048576K
}
Event: 1252.308 GC heap after
{Heap after GC invocations=46 (full 3):
 PSYoungGen      total 16896K, used 192K [0x00000000d5580000, 0x00000000d6800000, 0x0000000100000000)
  eden space 15872K, 0% used [0x00000000d5580000,0x00000000d5580000,0x00000000d6500000)
  from space 1024K, 18% used [0x00000000d6600000,0x00000000d6630000,0x00000000d6700000)
  to   space 512K, 0% used [0x00000000d6780000,0x00000000d6780000,0x00000000d6800000)
 ParOldGen       total 68608K, used 50475K [0x0000000080000000, 0x0000000084300000, 0x00000000d5580000)
  object space 68608K, 73% used [0x0000000080000000,0x000000008314afd0,0x0000000084300000)
 Metaspace       used 65787K, committed 67264K, reserved 1114112K
  class space    used 6922K, committed 7552K, reserved 1048576K
}
Event: 1269.251 GC heap before
{Heap before GC invocations=47 (full 3):
 PSYoungGen      total 16896K, used 16064K [0x00000000d5580000, 0x00000000d6800000, 0x0000000100000000)
  eden space 15872K, 100% used [0x00000000d5580000,0x00000000d6500000,0x00000000d6500000)
  from space 1024K, 18% used [0x00000000d6600000,0x00000000d6630000,0x00000000d6700000)
  to   space 512K, 0% used [0x00000000d6780000,0x00000000d6780000,0x00000000d6800000)
 ParOldGen       total 68608K, used 50475K [0x0000000080000000, 0x0000000084300000, 0x00000000d5580000)
  object space 68608K, 73% used [0x0000000080000000,0x000000008314afd0,0x0000000084300000)
 Metaspace       used 66911K, committed 68480K, reserved 1114112K
  class space    used 7030K, committed 7680K, reserved 1048576K
}
Event: 1269.254 GC heap after
{Heap after GC invocations=47 (full 3):
 PSYoungGen      total 16384K, used 313K [0x00000000d5580000, 0x00000000d6800000, 0x0000000100000000)
  eden space 15872K, 0% used [0x00000000d5580000,0x00000000d5580000,0x00000000d6500000)
  from space 512K, 61% used [0x00000000d6780000,0x00000000d67ce5d8,0x00000000d6800000)
  to   space 512K, 0% used [0x00000000d6700000,0x00000000d6700000,0x00000000d6780000)
 ParOldGen       total 68608K, used 50563K [0x0000000080000000, 0x0000000084300000, 0x00000000d5580000)
  object space 68608K, 73% used [0x0000000080000000,0x0000000083160fd0,0x0000000084300000)
 Metaspace       used 66911K, committed 68480K, reserved 1114112K
  class space    used 7030K, committed 7680K, reserved 1048576K
}
Event: 1280.909 GC heap before
{Heap before GC invocations=48 (full 3):
 PSYoungGen      total 16384K, used 16185K [0x00000000d5580000, 0x00000000d6800000, 0x0000000100000000)
  eden space 15872K, 100% used [0x00000000d5580000,0x00000000d6500000,0x00000000d6500000)
  from space 512K, 61% used [0x00000000d6780000,0x00000000d67ce5d8,0x00000000d6800000)
  to   space 512K, 0% used [0x00000000d6700000,0x00000000d6700000,0x00000000d6780000)
 ParOldGen       total 68608K, used 50563K [0x0000000080000000, 0x0000000084300000, 0x00000000d5580000)
  object space 68608K, 73% used [0x0000000080000000,0x0000000083160fd0,0x0000000084300000)
 Metaspace       used 67058K, committed 68608K, reserved 1114112K
  class space    used 7033K, committed 7680K, reserved 1048576K
}
Event: 1280.913 GC heap after
{Heap after GC invocations=48 (full 3):
 PSYoungGen      total 16384K, used 486K [0x00000000d5580000, 0x00000000d6d00000, 0x0000000100000000)
  eden space 15872K, 0% used [0x00000000d5580000,0x00000000d5580000,0x00000000d6500000)
  from space 512K, 94% used [0x00000000d6700000,0x00000000d6779850,0x00000000d6780000)
  to   space 4096K, 0% used [0x00000000d6900000,0x00000000d6900000,0x00000000d6d00000)
 ParOldGen       total 68608K, used 53423K [0x0000000080000000, 0x0000000084300000, 0x00000000d5580000)
  object space 68608K, 77% used [0x0000000080000000,0x000000008342bd88,0x0000000084300000)
 Metaspace       used 67058K, committed 68608K, reserved 1114112K
  class space    used 7033K, committed 7680K, reserved 1048576K
}
Event: 1281.496 GC heap before
{Heap before GC invocations=49 (full 3):
 PSYoungGen      total 16384K, used 16358K [0x00000000d5580000, 0x00000000d6d00000, 0x0000000100000000)
  eden space 15872K, 100% used [0x00000000d5580000,0x00000000d6500000,0x00000000d6500000)
  from space 512K, 94% used [0x00000000d6700000,0x00000000d6779850,0x00000000d6780000)
  to   space 4096K, 0% used [0x00000000d6900000,0x00000000d6900000,0x00000000d6d00000)
 ParOldGen       total 68608K, used 53423K [0x0000000080000000, 0x0000000084300000, 0x00000000d5580000)
  object space 68608K, 77% used [0x0000000080000000,0x000000008342bd88,0x0000000084300000)
 Metaspace       used 67733K, committed 69248K, reserved 1114112K
  class space    used 7119K, committed 7744K, reserved 1048576K
}
Event: 1281.497 GC heap after
{Heap after GC invocations=49 (full 3):
 PSYoungGen      total 16384K, used 448K [0x00000000d5580000, 0x00000000d6980000, 0x0000000100000000)
  eden space 15872K, 0% used [0x00000000d5580000,0x00000000d5580000,0x00000000d6500000)
  from space 512K, 87% used [0x00000000d6900000,0x00000000d6970000,0x00000000d6980000)
  to   space 1536K, 0% used [0x00000000d6680000,0x00000000d6680000,0x00000000d6800000)
 ParOldGen       total 68608K, used 53684K [0x0000000080000000, 0x0000000084300000, 0x00000000d5580000)
  object space 68608K, 78% used [0x0000000080000000,0x000000008346d208,0x0000000084300000)
 Metaspace       used 67733K, committed 69248K, reserved 1114112K
  class space    used 7119K, committed 7744K, reserved 1048576K
}
Event: 1283.390 GC heap before
{Heap before GC invocations=50 (full 3):
 PSYoungGen      total 16384K, used 16320K [0x00000000d5580000, 0x00000000d6980000, 0x0000000100000000)
  eden space 15872K, 100% used [0x00000000d5580000,0x00000000d6500000,0x00000000d6500000)
  from space 512K, 87% used [0x00000000d6900000,0x00000000d6970000,0x00000000d6980000)
  to   space 1536K, 0% used [0x00000000d6680000,0x00000000d6680000,0x00000000d6800000)
 ParOldGen       total 68608K, used 53684K [0x0000000080000000, 0x0000000084300000, 0x00000000d5580000)
  object space 68608K, 78% used [0x0000000080000000,0x000000008346d208,0x0000000084300000)
 Metaspace       used 68021K, committed 69504K, reserved 1114112K
  class space    used 7133K, committed 7744K, reserved 1048576K
}
Event: 1283.393 GC heap after
{Heap after GC invocations=50 (full 3):
 PSYoungGen      total 17408K, used 320K [0x00000000d5580000, 0x00000000d6980000, 0x0000000100000000)
  eden space 15872K, 0% used [0x00000000d5580000,0x00000000d5580000,0x00000000d6500000)
  from space 1536K, 20% used [0x00000000d6680000,0x00000000d66d0000,0x00000000d6800000)
  to   space 1024K, 0% used [0x00000000d6880000,0x00000000d6880000,0x00000000d6980000)
 ParOldGen       total 68608K, used 53990K [0x0000000080000000, 0x0000000084300000, 0x00000000d5580000)
  object space 68608K, 78% used [0x0000000080000000,0x00000000834b98d8,0x0000000084300000)
 Metaspace       used 68021K, committed 69504K, reserved 1114112K
  class space    used 7133K, committed 7744K, reserved 1048576K
}
Event: 1295.928 GC heap before
{Heap before GC invocations=51 (full 3):
 PSYoungGen      total 17408K, used 16192K [0x00000000d5580000, 0x00000000d6980000, 0x0000000100000000)
  eden space 15872K, 100% used [0x00000000d5580000,0x00000000d6500000,0x00000000d6500000)
  from space 1536K, 20% used [0x00000000d6680000,0x00000000d66d0000,0x00000000d6800000)
  to   space 1024K, 0% used [0x00000000d6880000,0x00000000d6880000,0x00000000d6980000)
 ParOldGen       total 68608K, used 53990K [0x0000000080000000, 0x0000000084300000, 0x00000000d5580000)
  object space 68608K, 78% used [0x0000000080000000,0x00000000834b98d8,0x0000000084300000)
 Metaspace       used 68100K, committed 69632K, reserved 1114112K
  class space    used 7135K, committed 7744K, reserved 1048576K
}
Event: 1295.930 GC heap after
{Heap after GC invocations=51 (full 3):
 PSYoungGen      total 16384K, used 160K [0x00000000d5580000, 0x00000000d6900000, 0x0000000100000000)
  eden space 15872K, 0% used [0x00000000d5580000,0x00000000d5580000,0x00000000d6500000)
  from space 512K, 31% used [0x00000000d6880000,0x00000000d68a8000,0x00000000d6900000)
  to   space 512K, 0% used [0x00000000d6800000,0x00000000d6800000,0x00000000d6880000)
 ParOldGen       total 68608K, used 54270K [0x0000000080000000, 0x0000000084300000, 0x00000000d5580000)
  object space 68608K, 79% used [0x0000000080000000,0x00000000834ff8d8,0x0000000084300000)
 Metaspace       used 68100K, committed 69632K, reserved 1114112K
  class space    used 7135K, committed 7744K, reserved 1048576K
}

