# JRE version: OpenJDK Runtime Environment Temurin-21.0.10+7 (21.0.10+7) (build 21.0.10+7-LTS)
# Java VM: OpenJDK 64-Bit Server VM Temurin-21.0.10+7 (21.0.10+7-LTS, mixed mode, sharing, tiered, compressed oops, compressed class ptrs, parallel gc, windows-amd64)
GC Precious Log:
 CardTable entry size: 512
 CPUs: 4 total, 4 available
 Memory: 3862M
 Large Page Support: Disabled
 NUMA Support: Disabled
 Compressed Oops: Enabled (32-bit)
 Alignments: Space 512K, Generation 512K, Heap 2M
 Heap Min Capacity: 100M
 Heap Initial Capacity: 100M
 Heap Max Capacity: 2G
 Pre-touch: Disabled
 Parallel Workers: 4
Heap:
 PSYoungGen      total 1536K, used 844K [0x00000000d5580000, 0x00000000d5880000, 0x0000000100000000)
  eden space 1024K, 73% used [0x00000000d5580000,0x00000000d563b348,0x00000000d5680000)
  from space 512K, 18% used [0x00000000d5800000,0x00000000d5818000,0x00000000d5880000)
  to   space 512K, 0% used [0x00000000d5780000,0x00000000d5780000,0x00000000d5800000)
 ParOldGen       total 479744K, used 479571K [0x0000000080000000, 0x000000009d480000, 0x00000000d5580000)
  object space 479744K, 99% used [0x0000000080000000,0x000000009d454f68,0x000000009d480000)
 Metaspace       used 74893K, committed 76544K, reserved 1179648K
  class space    used 7964K, committed 8640K, reserved 1048576K
GC Heap History (20 events):
Event: 249.898 GC heap before
{Heap before GC invocations=606 (full 3):
 PSYoungGen      total 1536K, used 1152K [0x00000000d5580000, 0x00000000d5880000, 0x0000000100000000)
  eden space 1024K, 100% used [0x00000000d5580000,0x00000000d5680000,0x00000000d5680000)
  from space 512K, 25% used [0x00000000d5800000,0x00000000d5820000,0x00000000d5880000)
  to   space 512K, 0% used [0x00000000d5700000,0x00000000d5700000,0x00000000d5780000)
 ParOldGen       total 477184K, used 476809K [0x0000000080000000, 0x000000009d200000, 0x00000000d5580000)
  object space 477184K, 99% used [0x0000000080000000,0x000000009d1a27c8,0x000000009d200000)
 Metaspace       used 74536K, committed 76160K, reserved 1179648K
  class space    used 7953K, committed 8640K, reserved 1048576K
}
Event: 249.900 GC heap after
{Heap after GC invocations=606 (full 3):
 PSYoungGen      total 1536K, used 192K [0x00000000d5580000, 0x00000000d5880000, 0x0000000100000000)
  eden space 1024K, 0% used [0x00000000d5580000,0x00000000d5580000,0x00000000d5680000)
  from space 512K, 37% used [0x00000000d5700000,0x00000000d5730000,0x00000000d5780000)
  to   space 512K, 0% used [0x00000000d5800000,0x00000000d5800000,0x00000000d5880000)
 ParOldGen       total 477184K, used 476841K [0x0000000080000000, 0x000000009d200000, 0x00000000d5580000)
  object space 477184K, 99% used [0x0000000080000000,0x000000009d1aa7c8,0x000000009d200000)
 Metaspace       used 74536K, committed 76160K, reserved 1179648K
  class space    used 7953K, committed 8640K, reserved 1048576K
}
Event: 249.952 GC heap before
{Heap before GC invocations=607 (full 3):
 PSYoungGen      total 1536K, used 1216K [0x00000000d5580000, 0x00000000d5880000, 0x0000000100000000)
  eden space 1024K, 100% used [0x00000000d5580000,0x00000000d5680000,0x00000000d5680000)
  from space 512K, 37% used [0x00000000d5700000,0x00000000d5730000,0x00000000d5780000)
  to   space 512K, 0% used [0x00000000d5800000,0x00000000d5800000,0x00000000d5880000)
 ParOldGen       total 477184K, used 476841K [0x0000000080000000, 0x000000009d200000, 0x00000000d5580000)
  object space 477184K, 99% used [0x0000000080000000,0x000000009d1aa7c8,0x000000009d200000)
 Metaspace       used 74556K, committed 76224K, reserved 1179648K
  class space    used 7954K, committed 8640K, reserved 1048576K
}
Event: 249.954 GC heap after
{Heap after GC invocations=607 (full 3):
 PSYoungGen      total 1536K, used 480K [0x00000000d5580000, 0x00000000d5880000, 0x0000000100000000)
  eden space 1024K, 0% used [0x00000000d5580000,0x00000000d5580000,0x00000000d5680000)
  from space 512K, 93% used [0x00000000d5800000,0x00000000d5878000,0x00000000d5880000)
  to   space 1024K, 0% used [0x00000000d5680000,0x00000000d5680000,0x00000000d5780000)
 ParOldGen       total 477184K, used 476992K [0x0000000080000000, 0x000000009d200000, 0x00000000d5580000)
  object space 477184K, 99% used [0x0000000080000000,0x000000009d1d0198,0x000000009d200000)
 Metaspace       used 74556K, committed 76224K, reserved 1179648K
  class space    used 7954K, committed 8640K, reserved 1048576K
}
Event: 250.064 GC heap before
{Heap before GC invocations=608 (full 3):
 PSYoungGen      total 1536K, used 1503K [0x00000000d5580000, 0x00000000d5880000, 0x0000000100000000)
  eden space 1024K, 99% used [0x00000000d5580000,0x00000000d567fff8,0x00000000d5680000)
  from space 512K, 93% used [0x00000000d5800000,0x00000000d5878000,0x00000000d5880000)
  to   space 1024K, 0% used [0x00000000d5680000,0x00000000d5680000,0x00000000d5780000)
 ParOldGen       total 477184K, used 476992K [0x0000000080000000, 0x000000009d200000, 0x00000000d5580000)
  object space 477184K, 99% used [0x0000000080000000,0x000000009d1d0198,0x000000009d200000)
 Metaspace       used 74587K, committed 76224K, reserved 1179648K
  class space    used 7954K, committed 8640K, reserved 1048576K
}
Event: 250.066 GC heap after
{Heap after GC invocations=608 (full 3):
 PSYoungGen      total 2048K, used 256K [0x00000000d5580000, 0x00000000d5880000, 0x0000000100000000)
  eden space 1024K, 0% used [0x00000000d5580000,0x00000000d5580000,0x00000000d5680000)
  from space 1024K, 25% used [0x00000000d5680000,0x00000000d56c0000,0x00000000d5780000)
  to   space 512K, 0% used [0x00000000d5800000,0x00000000d5800000,0x00000000d5880000)
 ParOldGen       total 477696K, used 477399K [0x0000000080000000, 0x000000009d280000, 0x00000000d5580000)
  object space 477696K, 99% used [0x0000000080000000,0x000000009d235eb0,0x000000009d280000)
 Metaspace       used 74587K, committed 76224K, reserved 1179648K
  class space    used 7954K, committed 8640K, reserved 1048576K
}
Event: 250.146 GC heap before
{Heap before GC invocations=609 (full 3):
 PSYoungGen      total 2048K, used 1279K [0x00000000d5580000, 0x00000000d5880000, 0x0000000100000000)
  eden space 1024K, 99% used [0x00000000d5580000,0x00000000d567fd40,0x00000000d5680000)
  from space 1024K, 25% used [0x00000000d5680000,0x00000000d56c0000,0x00000000d5780000)
  to   space 512K, 0% used [0x00000000d5800000,0x00000000d5800000,0x00000000d5880000)
 ParOldGen       total 477696K, used 477399K [0x0000000080000000, 0x000000009d280000, 0x00000000d5580000)
  object space 477696K, 99% used [0x0000000080000000,0x000000009d235eb0,0x000000009d280000)
 Metaspace       used 74674K, committed 76288K, reserved 1179648K
  class space    used 7954K, committed 8640K, reserved 1048576K
}
Event: 250.148 GC heap after
{Heap after GC invocations=609 (full 3):
 PSYoungGen      total 1536K, used 480K [0x00000000d5580000, 0x00000000d5880000, 0x0000000100000000)
  eden space 1024K, 0% used [0x00000000d5580000,0x00000000d5580000,0x00000000d5680000)
  from space 512K, 93% used [0x00000000d5800000,0x00000000d5878000,0x00000000d5880000)
  to   space 1024K, 0% used [0x00000000d5680000,0x00000000d5680000,0x00000000d5780000)
 ParOldGen       total 477696K, used 477583K [0x0000000080000000, 0x000000009d280000, 0x00000000d5580000)
  object space 477696K, 99% used [0x0000000080000000,0x000000009d263eb0,0x000000009d280000)
 Metaspace       used 74674K, committed 76288K, reserved 1179648K
  class space    used 7954K, committed 8640K, reserved 1048576K
}
Event: 250.252 GC heap before
{Heap before GC invocations=610 (full 3):
 PSYoungGen      total 1536K, used 1504K [0x00000000d5580000, 0x00000000d5880000, 0x0000000100000000)
  eden space 1024K, 100% used [0x00000000d5580000,0x00000000d5680000,0x00000000d5680000)
  from space 512K, 93% used [0x00000000d5800000,0x00000000d5878000,0x00000000d5880000)
  to   space 1024K, 0% used [0x00000000d5680000,0x00000000d5680000,0x00000000d5780000)
 ParOldGen       total 477696K, used 477583K [0x0000000080000000, 0x000000009d280000, 0x00000000d5580000)
  object space 477696K, 99% used [0x0000000080000000,0x000000009d263eb0,0x000000009d280000)
 Metaspace       used 74706K, committed 76352K, reserved 1179648K
  class space    used 7954K, committed 8640K, reserved 1048576K
}
Event: 250.257 GC heap after
{Heap after GC invocations=610 (full 3):
 PSYoungGen      total 2048K, used 480K [0x00000000d5580000, 0x00000000d5880000, 0x0000000100000000)
  eden space 1024K, 0% used [0x00000000d5580000,0x00000000d5580000,0x00000000d5680000)
  from space 1024K, 46% used [0x00000000d5680000,0x00000000d56f8000,0x00000000d5780000)
  to   space 512K, 0% used [0x00000000d5800000,0x00000000d5800000,0x00000000d5880000)
 ParOldGen       total 478208K, used 477983K [0x0000000080000000, 0x000000009d300000, 0x00000000d5580000)
  object space 478208K, 99% used [0x0000000080000000,0x000000009d2c7ed0,0x000000009d300000)
 Metaspace       used 74706K, committed 76352K, reserved 1179648K
  class space    used 7954K, committed 8640K, reserved 1048576K
}
Event: 250.411 GC heap before
{Heap before GC invocations=611 (full 3):
 PSYoungGen      total 2048K, used 1504K [0x00000000d5580000, 0x00000000d5880000, 0x0000000100000000)
  eden space 1024K, 100% used [0x00000000d5580000,0x00000000d5680000,0x00000000d5680000)
  from space 1024K, 46% used [0x00000000d5680000,0x00000000d56f8000,0x00000000d5780000)
  to   space 512K, 0% used [0x00000000d5800000,0x00000000d5800000,0x00000000d5880000)
 ParOldGen       total 478208K, used 477983K [0x0000000080000000, 0x000000009d300000, 0x00000000d5580000)
  object space 478208K, 99% used [0x0000000080000000,0x000000009d2c7ed0,0x000000009d300000)
 Metaspace       used 74774K, committed 76416K, reserved 1179648K
  class space    used 7954K, committed 8640K, reserved 1048576K
}
Event: 250.416 GC heap after
{Heap after GC invocations=611 (full 3):
 PSYoungGen      total 1536K, used 352K [0x00000000d5580000, 0x00000000d5880000, 0x0000000100000000)
  eden space 1024K, 0% used [0x00000000d5580000,0x00000000d5580000,0x00000000d5680000)
  from space 512K, 68% used [0x00000000d5800000,0x00000000d5858000,0x00000000d5880000)
  to   space 512K, 0% used [0x00000000d5780000,0x00000000d5780000,0x00000000d5800000)
 ParOldGen       total 478720K, used 478423K [0x0000000080000000, 0x000000009d380000, 0x00000000d5580000)
  object space 478720K, 99% used [0x0000000080000000,0x000000009d335ed0,0x000000009d380000)
 Metaspace       used 74774K, committed 76416K, reserved 1179648K
  class space    used 7954K, committed 8640K, reserved 1048576K
}
Event: 250.527 GC heap before
{Heap before GC invocations=612 (full 3):
 PSYoungGen      total 1536K, used 1376K [0x00000000d5580000, 0x00000000d5880000, 0x0000000100000000)
  eden space 1024K, 100% used [0x00000000d5580000,0x00000000d5680000,0x00000000d5680000)
  from space 512K, 68% used [0x00000000d5800000,0x00000000d5858000,0x00000000d5880000)
  to   space 512K, 0% used [0x00000000d5780000,0x00000000d5780000,0x00000000d5800000)
 ParOldGen       total 478720K, used 478423K [0x0000000080000000, 0x000000009d380000, 0x00000000d5580000)
  object space 478720K, 99% used [0x0000000080000000,0x000000009d335ed0,0x000000009d380000)
 Metaspace       used 74812K, committed 76416K, reserved 1179648K
  class space    used 7957K, committed 8640K, reserved 1048576K
}
Event: 250.531 GC heap after
{Heap after GC invocations=612 (full 3):
 PSYoungGen      total 1536K, used 384K [0x00000000d5580000, 0x00000000d5880000, 0x0000000100000000)
  eden space 1024K, 0% used [0x00000000d5580000,0x00000000d5580000,0x00000000d5680000)
  from space 512K, 75% used [0x00000000d5780000,0x00000000d57e0000,0x00000000d5800000)
  to   space 512K, 0% used [0x00000000d5800000,0x00000000d5800000,0x00000000d5880000)
 ParOldGen       total 478720K, used 478711K [0x0000000080000000, 0x000000009d380000, 0x00000000d5580000)
  object space 478720K, 99% used [0x0000000080000000,0x000000009d37ded0,0x000000009d380000)
 Metaspace       used 74812K, committed 76416K, reserved 1179648K
  class space    used 7957K, committed 8640K, reserved 1048576K
}
Event: 250.610 GC heap before
{Heap before GC invocations=613 (full 3):
 PSYoungGen      total 1536K, used 1408K [0x00000000d5580000, 0x00000000d5880000, 0x0000000100000000)
  eden space 1024K, 100% used [0x00000000d5580000,0x00000000d5680000,0x00000000d5680000)
  from space 512K, 75% used [0x00000000d5780000,0x00000000d57e0000,0x00000000d5800000)
  to   space 512K, 0% used [0x00000000d5800000,0x00000000d5800000,0x00000000d5880000)
 ParOldGen       total 478720K, used 478711K [0x0000000080000000, 0x000000009d380000, 0x00000000d5580000)
  object space 478720K, 99% used [0x0000000080000000,0x000000009d37ded0,0x000000009d380000)
 Metaspace       used 74833K, committed 76480K, reserved 1179648K
  class space    used 7958K, committed 8640K, reserved 1048576K
}
Event: 250.613 GC heap after
{Heap after GC invocations=613 (full 3):
 PSYoungGen      total 1536K, used 416K [0x00000000d5580000, 0x00000000d5880000, 0x0000000100000000)
  eden space 1024K, 0% used [0x00000000d5580000,0x00000000d5580000,0x00000000d5680000)
  from space 512K, 81% used [0x00000000d5800000,0x00000000d5868000,0x00000000d5880000)
  to   space 512K, 0% used [0x00000000d5780000,0x00000000d5780000,0x00000000d5800000)
 ParOldGen       total 479232K, used 479047K [0x0000000080000000, 0x000000009d400000, 0x00000000d5580000)
  object space 479232K, 99% used [0x0000000080000000,0x000000009d3d1f10,0x000000009d400000)
 Metaspace       used 74833K, committed 76480K, reserved 1179648K
  class space    used 7958K, committed 8640K, reserved 1048576K
}
Event: 251.029 GC heap before
{Heap before GC invocations=614 (full 3):
 PSYoungGen      total 1536K, used 1439K [0x00000000d5580000, 0x00000000d5880000, 0x0000000100000000)
  eden space 1024K, 99% used [0x00000000d5580000,0x00000000d567fff0,0x00000000d5680000)
  from space 512K, 81% used [0x00000000d5800000,0x00000000d5868000,0x00000000d5880000)
  to   space 512K, 0% used [0x00000000d5780000,0x00000000d5780000,0x00000000d5800000)
 ParOldGen       total 479232K, used 479047K [0x0000000080000000, 0x000000009d400000, 0x00000000d5580000)
  object space 479232K, 99% used [0x0000000080000000,0x000000009d3d1f10,0x000000009d400000)
 Metaspace       used 74845K, committed 76544K, reserved 1179648K
  class space    used 7958K, committed 8640K, reserved 1048576K
}
Event: 251.031 GC heap after
{Heap after GC invocations=614 (full 3):
 PSYoungGen      total 1536K, used 160K [0x00000000d5580000, 0x00000000d5880000, 0x0000000100000000)
  eden space 1024K, 0% used [0x00000000d5580000,0x00000000d5580000,0x00000000d5680000)
  from space 512K, 31% used [0x00000000d5780000,0x00000000d57a8000,0x00000000d5800000)
  to   space 512K, 0% used [0x00000000d5800000,0x00000000d5800000,0x00000000d5880000)
 ParOldGen       total 479744K, used 479483K [0x0000000080000000, 0x000000009d480000, 0x00000000d5580000)
  object space 479744K, 99% used [0x0000000080000000,0x000000009d43ef68,0x000000009d480000)
 Metaspace       used 74845K, committed 76544K, reserved 1179648K
  class space    used 7958K, committed 8640K, reserved 1048576K
}
Event: 253.136 GC heap before
{Heap before GC invocations=615 (full 3):
 PSYoungGen      total 1536K, used 1184K [0x00000000d5580000, 0x00000000d5880000, 0x0000000100000000)
  eden space 1024K, 100% used [0x00000000d5580000,0x00000000d5680000,0x00000000d5680000)
  from space 512K, 31% used [0x00000000d5780000,0x00000000d57a8000,0x00000000d5800000)
  to   space 512K, 0% used [0x00000000d5800000,0x00000000d5800000,0x00000000d5880000)
 ParOldGen       total 479744K, used 479483K [0x0000000080000000, 0x000000009d480000, 0x00000000d5580000)
  object space 479744K, 99% used [0x0000000080000000,0x000000009d43ef68,0x000000009d480000)
 Metaspace       used 74879K, committed 76544K, reserved 1179648K
  class space    used 7964K, committed 8640K, reserved 1048576K
}
Event: 253.142 GC heap after
{Heap after GC invocations=615 (full 3):
 PSYoungGen      total 1536K, used 96K [0x00000000d5580000, 0x00000000d5880000, 0x0000000100000000)
  eden space 1024K, 0% used [0x00000000d5580000,0x00000000d5580000,0x00000000d5680000)
  from space 512K, 18% used [0x00000000d5800000,0x00000000d5818000,0x00000000d5880000)
  to   space 512K, 0% used [0x00000000d5780000,0x00000000d5780000,0x00000000d5800000)
 ParOldGen       total 479744K, used 479571K [0x0000000080000000, 0x000000009d480000, 0x00000000d5580000)
  object space 479744K, 99% used [0x0000000080000000,0x000000009d454f68,0x000000009d480000)
 Metaspace       used 74879K, committed 76544K, reserved 1179648K
  class space    used 7964K, committed 8640K, reserved 1048576K
}

