# JRE version: OpenJDK Runtime Environment Temurin-21.0.10+7 (21.0.10+7) (build 21.0.10+7-LTS)
# Java VM: OpenJDK 64-Bit Server VM Temurin-21.0.10+7 (21.0.10+7-LTS, mixed mode, sharing, tiered, compressed oops, compressed class ptrs, parallel gc, windows-amd64)
GC Precious Log:
 CardTable entry size: 512
 CPUs: 4 total, 4 available
 Memory: 3862M
 Large Page Support: Disabled
 NUMA Support: Disabled
 Compressed Oops: Enabled (32-bit)
 Alignments: Space 512K, Generation 512K, Heap 2M
 Heap Min Capacity: 100M
 Heap Initial Capacity: 100M
 Heap Max Capacity: 2G
 Pre-touch: Disabled
 Parallel Workers: 4
Heap:
 PSYoungGen      total 20480K, used 7037K [0x00000000d5580000, 0x00000000d6c80000, 0x0000000100000000)
  eden space 19968K, 34% used [0x00000000d5580000,0x00000000d5c3f6e0,0x00000000d6900000)
  from space 512K, 25% used [0x00000000d6c00000,0x00000000d6c20000,0x00000000d6c80000)
  to   space 512K, 0% used [0x00000000d6900000,0x00000000d6900000,0x00000000d6980000)
 ParOldGen       total 68608K, used 53918K [0x0000000080000000, 0x0000000084300000, 0x00000000d5580000)
  object space 68608K, 78% used [0x0000000080000000,0x00000000834a7bc0,0x0000000084300000)
 Metaspace       used 72808K, committed 74368K, reserved 1179648K
  class space    used 7590K, committed 8256K, reserved 1048576K
GC Heap History (20 events):
Event: 454.351 GC heap before
{Heap before GC invocations=50 (full 3):
 PSYoungGen      total 22528K, used 22496K [0x00000000d5580000, 0x00000000d6e80000, 0x0000000100000000)
  eden space 22016K, 100% used [0x00000000d5580000,0x00000000d6b00000,0x00000000d6b00000)
  from space 512K, 93% used [0x00000000d6e00000,0x00000000d6e78020,0x00000000d6e80000)
  to   space 1536K, 0% used [0x00000000d6b80000,0x00000000d6b80000,0x00000000d6d00000)
 ParOldGen       total 68608K, used 47342K [0x0000000080000000, 0x0000000084300000, 0x00000000d5580000)
  object space 68608K, 69% used [0x0000000080000000,0x0000000082e3b818,0x0000000084300000)
 Metaspace       used 70814K, committed 72448K, reserved 1114112K
  class space    used 7450K, committed 8192K, reserved 1048576K
}
Event: 454.354 GC heap after
{Heap after GC invocations=50 (full 3):
 PSYoungGen      total 23552K, used 384K [0x00000000d5580000, 0x00000000d6e80000, 0x0000000100000000)
  eden space 22016K, 0% used [0x00000000d5580000,0x00000000d5580000,0x00000000d6b00000)
  from space 1536K, 25% used [0x00000000d6b80000,0x00000000d6be0000,0x00000000d6d00000)
  to   space 1024K, 0% used [0x00000000d6d80000,0x00000000d6d80000,0x00000000d6e80000)
 ParOldGen       total 68608K, used 47843K [0x0000000080000000, 0x0000000084300000, 0x00000000d5580000)
  object space 68608K, 69% used [0x0000000080000000,0x0000000082eb8eb0,0x0000000084300000)
 Metaspace       used 70814K, committed 72448K, reserved 1114112K
  class space    used 7450K, committed 8192K, reserved 1048576K
}
Event: 455.429 GC heap before
{Heap before GC invocations=51 (full 3):
 PSYoungGen      total 23552K, used 22400K [0x00000000d5580000, 0x00000000d6e80000, 0x0000000100000000)
  eden space 22016K, 100% used [0x00000000d5580000,0x00000000d6b00000,0x00000000d6b00000)
  from space 1536K, 25% used [0x00000000d6b80000,0x00000000d6be0000,0x00000000d6d00000)
  to   space 1024K, 0% used [0x00000000d6d80000,0x00000000d6d80000,0x00000000d6e80000)
 ParOldGen       total 68608K, used 47843K [0x0000000080000000, 0x0000000084300000, 0x00000000d5580000)
  object space 68608K, 69% used [0x0000000080000000,0x0000000082eb8eb0,0x0000000084300000)
 Metaspace       used 70985K, committed 72576K, reserved 1114112K
  class space    used 7471K, committed 8192K, reserved 1048576K
}
Event: 455.431 GC heap after
{Heap after GC invocations=51 (full 3):
 PSYoungGen      total 22528K, used 224K [0x00000000d5580000, 0x00000000d6e00000, 0x0000000100000000)
  eden space 22016K, 0% used [0x00000000d5580000,0x00000000d5580000,0x00000000d6b00000)
  from space 512K, 43% used [0x00000000d6d80000,0x00000000d6db8000,0x00000000d6e00000)
  to   space 512K, 0% used [0x00000000d6d00000,0x00000000d6d00000,0x00000000d6d80000)
 ParOldGen       total 68608K, used 47883K [0x0000000080000000, 0x0000000084300000, 0x00000000d5580000)
  object space 68608K, 69% used [0x0000000080000000,0x0000000082ec2eb0,0x0000000084300000)
 Metaspace       used 70985K, committed 72576K, reserved 1114112K
  class space    used 7471K, committed 8192K, reserved 1048576K
}
Event: 463.866 GC heap before
{Heap before GC invocations=52 (full 3):
 PSYoungGen      total 22528K, used 22240K [0x00000000d5580000, 0x00000000d6e00000, 0x0000000100000000)
  eden space 22016K, 100% used [0x00000000d5580000,0x00000000d6b00000,0x00000000d6b00000)
  from space 512K, 43% used [0x00000000d6d80000,0x00000000d6db8000,0x00000000d6e00000)
  to   space 512K, 0% used [0x00000000d6d00000,0x00000000d6d00000,0x00000000d6d80000)
 ParOldGen       total 68608K, used 47883K [0x0000000080000000, 0x0000000084300000, 0x00000000d5580000)
  object space 68608K, 69% used [0x0000000080000000,0x0000000082ec2eb0,0x0000000084300000)
 Metaspace       used 71155K, committed 72768K, reserved 1114112K
  class space    used 7475K, committed 8192K, reserved 1048576K
}
Event: 463.870 GC heap after
{Heap after GC invocations=52 (full 3):
 PSYoungGen      total 22528K, used 486K [0x00000000d5580000, 0x00000000d6e00000, 0x0000000100000000)
  eden space 22016K, 0% used [0x00000000d5580000,0x00000000d5580000,0x00000000d6b00000)
  from space 512K, 94% used [0x00000000d6d00000,0x00000000d6d79850,0x00000000d6d80000)
  to   space 512K, 0% used [0x00000000d6d80000,0x00000000d6d80000,0x00000000d6e00000)
 ParOldGen       total 68608K, used 48489K [0x0000000080000000, 0x0000000084300000, 0x00000000d5580000)
  object space 68608K, 70% used [0x0000000080000000,0x0000000082f5a700,0x0000000084300000)
 Metaspace       used 71155K, committed 72768K, reserved 1114112K
  class space    used 7475K, committed 8192K, reserved 1048576K
}
Event: 464.919 GC heap before
{Heap before GC invocations=53 (full 3):
 PSYoungGen      total 22528K, used 22502K [0x00000000d5580000, 0x00000000d6e00000, 0x0000000100000000)
  eden space 22016K, 100% used [0x00000000d5580000,0x00000000d6b00000,0x00000000d6b00000)
  from space 512K, 94% used [0x00000000d6d00000,0x00000000d6d79850,0x00000000d6d80000)
  to   space 512K, 0% used [0x00000000d6d80000,0x00000000d6d80000,0x00000000d6e00000)
 ParOldGen       total 68608K, used 48489K [0x0000000080000000, 0x0000000084300000, 0x00000000d5580000)
  object space 68608K, 70% used [0x0000000080000000,0x0000000082f5a700,0x0000000084300000)
 Metaspace       used 71327K, committed 72896K, reserved 1114112K
  class space    used 7482K, committed 8192K, reserved 1048576K
}
Event: 464.922 GC heap after
{Heap after GC invocations=53 (full 3):
 PSYoungGen      total 22528K, used 512K [0x00000000d5580000, 0x00000000d6e00000, 0x0000000100000000)
  eden space 22016K, 0% used [0x00000000d5580000,0x00000000d5580000,0x00000000d6b00000)
  from space 512K, 100% used [0x00000000d6d80000,0x00000000d6e00000,0x00000000d6e00000)
  to   space 1024K, 0% used [0x00000000d6c00000,0x00000000d6c00000,0x00000000d6d00000)
 ParOldGen       total 68608K, used 48827K [0x0000000080000000, 0x0000000084300000, 0x00000000d5580000)
  object space 68608K, 71% used [0x0000000080000000,0x0000000082faee30,0x0000000084300000)
 Metaspace       used 71327K, committed 72896K, reserved 1114112K
  class space    used 7482K, committed 8192K, reserved 1048576K
}
Event: 466.521 GC heap before
{Heap before GC invocations=54 (full 3):
 PSYoungGen      total 22528K, used 22528K [0x00000000d5580000, 0x00000000d6e00000, 0x0000000100000000)
  eden space 22016K, 100% used [0x00000000d5580000,0x00000000d6b00000,0x00000000d6b00000)
  from space 512K, 100% used [0x00000000d6d80000,0x00000000d6e00000,0x00000000d6e00000)
  to   space 1024K, 0% used [0x00000000d6c00000,0x00000000d6c00000,0x00000000d6d00000)
 ParOldGen       total 68608K, used 48827K [0x0000000080000000, 0x0000000084300000, 0x00000000d5580000)
  object space 68608K, 71% used [0x0000000080000000,0x0000000082faee30,0x0000000084300000)
 Metaspace       used 71649K, committed 73216K, reserved 1114112K
  class space    used 7512K, committed 8192K, reserved 1048576K
}
Event: 466.523 GC heap after
{Heap after GC invocations=54 (full 3):
 PSYoungGen      total 23040K, used 272K [0x00000000d5580000, 0x00000000d6e00000, 0x0000000100000000)
  eden space 22016K, 0% used [0x00000000d5580000,0x00000000d5580000,0x00000000d6b00000)
  from space 1024K, 26% used [0x00000000d6c00000,0x00000000d6c44010,0x00000000d6d00000)
  to   space 512K, 0% used [0x00000000d6d80000,0x00000000d6d80000,0x00000000d6e00000)
 ParOldGen       total 68608K, used 49337K [0x0000000080000000, 0x0000000084300000, 0x00000000d5580000)
  object space 68608K, 71% used [0x0000000080000000,0x000000008302e6a8,0x0000000084300000)
 Metaspace       used 71649K, committed 73216K, reserved 1114112K
  class space    used 7512K, committed 8192K, reserved 1048576K
}
Event: 467.435 GC heap before
{Heap before GC invocations=55 (full 3):
 PSYoungGen      total 23040K, used 22288K [0x00000000d5580000, 0x00000000d6e00000, 0x0000000100000000)
  eden space 22016K, 100% used [0x00000000d5580000,0x00000000d6b00000,0x00000000d6b00000)
  from space 1024K, 26% used [0x00000000d6c00000,0x00000000d6c44010,0x00000000d6d00000)
  to   space 512K, 0% used [0x00000000d6d80000,0x00000000d6d80000,0x00000000d6e00000)
 ParOldGen       total 68608K, used 49337K [0x0000000080000000, 0x0000000084300000, 0x00000000d5580000)
  object space 68608K, 71% used [0x0000000080000000,0x000000008302e6a8,0x0000000084300000)
 Metaspace       used 72344K, committed 73920K, reserved 1179648K
  class space    used 7559K, committed 8256K, reserved 1048576K
}
Event: 467.438 GC heap after
{Heap after GC invocations=55 (full 3):
 PSYoungGen      total 22528K, used 512K [0x00000000d5580000, 0x00000000d6e00000, 0x0000000100000000)
  eden space 22016K, 0% used [0x00000000d5580000,0x00000000d5580000,0x00000000d6b00000)
  from space 512K, 100% used [0x00000000d6d80000,0x00000000d6e00000,0x00000000d6e00000)
  to   space 1536K, 0% used [0x00000000d6b00000,0x00000000d6b00000,0x00000000d6c80000)
 ParOldGen       total 68608K, used 50039K [0x0000000080000000, 0x0000000084300000, 0x00000000d5580000)
  object space 68608K, 72% used [0x0000000080000000,0x00000000830ddd10,0x0000000084300000)
 Metaspace       used 72344K, committed 73920K, reserved 1179648K
  class space    used 7559K, committed 8256K, reserved 1048576K
}
Event: 483.900 GC heap before
{Heap before GC invocations=56 (full 3):
 PSYoungGen      total 22528K, used 22528K [0x00000000d5580000, 0x00000000d6e00000, 0x0000000100000000)
  eden space 22016K, 100% used [0x00000000d5580000,0x00000000d6b00000,0x00000000d6b00000)
  from space 512K, 100% used [0x00000000d6d80000,0x00000000d6e00000,0x00000000d6e00000)
  to   space 1536K, 0% used [0x00000000d6b00000,0x00000000d6b00000,0x00000000d6c80000)
 ParOldGen       total 68608K, used 50039K [0x0000000080000000, 0x0000000084300000, 0x00000000d5580000)
  object space 68608K, 72% used [0x0000000080000000,0x00000000830ddd10,0x0000000084300000)
 Metaspace       used 72459K, committed 74048K, reserved 1179648K
  class space    used 7568K, committed 8256K, reserved 1048576K
}
Event: 483.917 GC heap after
{Heap after GC invocations=56 (full 3):
 PSYoungGen      total 23552K, used 192K [0x00000000d5580000, 0x00000000d6e00000, 0x0000000100000000)
  eden space 22016K, 0% used [0x00000000d5580000,0x00000000d5580000,0x00000000d6b00000)
  from space 1536K, 12% used [0x00000000d6b00000,0x00000000d6b30000,0x00000000d6c80000)
  to   space 1024K, 0% used [0x00000000d6d00000,0x00000000d6d00000,0x00000000d6e00000)
 ParOldGen       total 68608K, used 50540K [0x0000000080000000, 0x0000000084300000, 0x00000000d5580000)
  object space 68608K, 73% used [0x0000000080000000,0x000000008315b190,0x0000000084300000)
 Metaspace       used 72459K, committed 74048K, reserved 1179648K
  class space    used 7568K, committed 8256K, reserved 1048576K
}
Event: 519.844 GC heap before
{Heap before GC invocations=57 (full 3):
 PSYoungGen      total 23552K, used 22198K [0x00000000d5580000, 0x00000000d6e00000, 0x0000000100000000)
  eden space 22016K, 99% used [0x00000000d5580000,0x00000000d6afdaf8,0x00000000d6b00000)
  from space 1536K, 12% used [0x00000000d6b00000,0x00000000d6b30000,0x00000000d6c80000)
  to   space 1024K, 0% used [0x00000000d6d00000,0x00000000d6d00000,0x00000000d6e00000)
 ParOldGen       total 68608K, used 50540K [0x0000000080000000, 0x0000000084300000, 0x00000000d5580000)
  object space 68608K, 73% used [0x0000000080000000,0x000000008315b190,0x0000000084300000)
 Metaspace       used 72672K, committed 74240K, reserved 1179648K
  class space    used 7585K, committed 8256K, reserved 1048576K
}
Event: 519.852 GC heap after
{Heap after GC invocations=57 (full 3):
 PSYoungGen      total 20992K, used 992K [0x00000000d5580000, 0x00000000d7300000, 0x0000000100000000)
  eden space 19968K, 0% used [0x00000000d5580000,0x00000000d5580000,0x00000000d6900000)
  from space 1024K, 96% used [0x00000000d6d00000,0x00000000d6df8220,0x00000000d6e00000)
  to   space 4096K, 0% used [0x00000000d6900000,0x00000000d6900000,0x00000000d6d00000)
 ParOldGen       total 68608K, used 52854K [0x0000000080000000, 0x0000000084300000, 0x00000000d5580000)
  object space 68608K, 77% used [0x0000000080000000,0x000000008339d9a0,0x0000000084300000)
 Metaspace       used 72672K, committed 74240K, reserved 1179648K
  class space    used 7585K, committed 8256K, reserved 1048576K
}
Event: 572.250 GC heap before
{Heap before GC invocations=58 (full 3):
 PSYoungGen      total 20992K, used 20960K [0x00000000d5580000, 0x00000000d7300000, 0x0000000100000000)
  eden space 19968K, 100% used [0x00000000d5580000,0x00000000d6900000,0x00000000d6900000)
  from space 1024K, 96% used [0x00000000d6d00000,0x00000000d6df8220,0x00000000d6e00000)
  to   space 4096K, 0% used [0x00000000d6900000,0x00000000d6900000,0x00000000d6d00000)
 ParOldGen       total 68608K, used 52854K [0x0000000080000000, 0x0000000084300000, 0x00000000d5580000)
  object space 68608K, 77% used [0x0000000080000000,0x000000008339d9a0,0x0000000084300000)
 Metaspace       used 72746K, committed 74304K, reserved 1179648K
  class space    used 7590K, committed 8256K, reserved 1048576K
}
Event: 572.292 GC heap after
{Heap after GC invocations=58 (full 3):
 PSYoungGen      total 20480K, used 160K [0x00000000d5580000, 0x00000000d6d80000, 0x0000000100000000)
  eden space 19968K, 0% used [0x00000000d5580000,0x00000000d5580000,0x00000000d6900000)
  from space 512K, 31% used [0x00000000d6900000,0x00000000d6928000,0x00000000d6980000)
  to   space 1536K, 0% used [0x00000000d6c00000,0x00000000d6c00000,0x00000000d6d80000)
 ParOldGen       total 68608K, used 53846K [0x0000000080000000, 0x0000000084300000, 0x00000000d5580000)
  object space 68608K, 78% used [0x0000000080000000,0x0000000083495bc0,0x0000000084300000)
 Metaspace       used 72746K, committed 74304K, reserved 1179648K
  class space    used 7590K, committed 8256K, reserved 1048576K
}
Event: 588.431 GC heap before
{Heap before GC invocations=59 (full 3):
 PSYoungGen      total 20480K, used 20128K [0x00000000d5580000, 0x00000000d6d80000, 0x0000000100000000)
  eden space 19968K, 100% used [0x00000000d5580000,0x00000000d6900000,0x00000000d6900000)
  from space 512K, 31% used [0x00000000d6900000,0x00000000d6928000,0x00000000d6980000)
  to   space 1536K, 0% used [0x00000000d6c00000,0x00000000d6c00000,0x00000000d6d80000)
 ParOldGen       total 68608K, used 53846K [0x0000000080000000, 0x0000000084300000, 0x00000000d5580000)
  object space 68608K, 78% used [0x0000000080000000,0x0000000083495bc0,0x0000000084300000)
 Metaspace       used 72796K, committed 74368K, reserved 1179648K
  class space    used 7590K, committed 8256K, reserved 1048576K
}
Event: 588.432 GC heap after
{Heap after GC invocations=59 (full 3):
 PSYoungGen      total 20480K, used 128K [0x00000000d5580000, 0x00000000d6c80000, 0x0000000100000000)
  eden space 19968K, 0% used [0x00000000d5580000,0x00000000d5580000,0x00000000d6900000)
  from space 512K, 25% used [0x00000000d6c00000,0x00000000d6c20000,0x00000000d6c80000)
  to   space 512K, 0% used [0x00000000d6900000,0x00000000d6900000,0x00000000d6980000)
 ParOldGen       total 68608K, used 53918K [0x0000000080000000, 0x0000000084300000, 0x00000000d5580000)
  object space 68608K, 78% used [0x0000000080000000,0x00000000834a7bc0,0x0000000084300000)
 Metaspace       used 72796K, committed 74368K, reserved 1179648K
  class space    used 7590K, committed 8256K, reserved 1048576K
}

